time="2024-03-13T14:54:16+03:00" level=info msg="create router" func="main.main()" file="main.go:14"
time="2024-03-13T14:54:16+03:00" level=info msg="register actor handler" func="main.main()" file="main.go:17"
time="2024-03-13T14:54:16+03:00" level=info msg="run app" func="main.run()" file="main.go:26"
time="2024-03-13T14:58:32+03:00" level=info msg="create router" func="main.main()" file="main.go:14"
time="2024-03-13T14:58:32+03:00" level=info msg="register actor handler" func="main.main()" file="main.go:17"
time="2024-03-13T14:58:32+03:00" level=info msg="run app" func="main.run()" file="main.go:26"
time="2024-03-13T14:58:35+03:00" level=info msg="create router" func="main.main()" file="main.go:14"
time="2024-03-13T14:58:35+03:00" level=info msg="register actor handler" func="main.main()" file="main.go:17"
time="2024-03-13T14:58:35+03:00" level=info msg="run app" func="main.run()" file="main.go:26"
time="2024-03-13T16:26:26+03:00" level=info msg="create router" func="main.main()" file="main.go:17"
time="2024-03-13T16:26:26+03:00" level=info msg="read app config" func="github.com/Kirusha-DA/VK-backend-trainee-service/internal/app/REST-service/config.GetConfig.func1()" file="config.go:25"
time="2024-03-13T16:26:26+03:00" level=info msg="register actor handler" func="main.main()" file="main.go:22"
time="2024-03-13T16:26:26+03:00" level=info msg="run app" func="main.run()" file="main.go:31"
time="2024-03-13T16:26:26+03:00" level=info msg="server is listening 0.0.0.0:8080" func="main.run()" file="main.go:47"
time="2024-03-13T16:29:13+03:00" level=info msg="create router" func="main.main()" file="main.go:17"
time="2024-03-13T16:29:13+03:00" level=info msg="read app config" func="github.com/Kirusha-DA/VK-backend-trainee-service/internal/app/REST-service/config.GetConfig.func1()" file="config.go:25"
time="2024-03-13T16:29:13+03:00" level=info msg="register actor handler" func="main.main()" file="main.go:22"
time="2024-03-13T16:29:13+03:00" level=info msg="run app" func="main.run()" file="main.go:31"
time="2024-03-13T16:29:13+03:00" level=info msg="server is listening 127.0.0.1:8080" func="main.run()" file="main.go:47"
time="2024-03-13T16:31:17+03:00" level=info msg="create router" func="main.main()" file="main.go:17"
time="2024-03-13T16:31:17+03:00" level=info msg="read app config" func="github.com/Kirusha-DA/VK-backend-trainee-service/internal/app/REST-service/config.GetConfig.func1()" file="config.go:25"
time="2024-03-13T16:31:17+03:00" level=info msg="register actor handler" func="main.main()" file="main.go:22"
time="2024-03-13T16:31:17+03:00" level=info msg="run app" func="main.run()" file="main.go:31"
time="2024-03-13T16:31:17+03:00" level=info msg="server is listening 0.0.0.0:8080" func="main.run()" file="main.go:47"
time="2024-03-13T16:32:20+03:00" level=info msg="create router" func="main.main()" file="main.go:17"
time="2024-03-13T16:32:20+03:00" level=info msg="read app config" func="github.com/Kirusha-DA/VK-backend-trainee-service/internal/app/REST-service/config.GetConfig.func1()" file="config.go:25"
time="2024-03-13T16:32:20+03:00" level=info msg="register actor handler" func="main.main()" file="main.go:22"
time="2024-03-13T16:32:20+03:00" level=info msg="run app" func="main.run()" file="main.go:31"
time="2024-03-13T16:32:20+03:00" level=info msg="server is listening 127.0.0.1:8080" func="main.run()" file="main.go:47"
time="2024-03-13T16:42:56+03:00" level=info msg="create router" func="main.main()" file="main.go:17"
time="2024-03-13T16:42:56+03:00" level=info msg="read app config" func="github.com/Kirusha-DA/VK-backend-trainee-service/internal/app/REST-service/config.GetConfig.func1()" file="config.go:25"
time="2024-03-13T16:42:56+03:00" level=info msg="register actor handler" func="main.main()" file="main.go:22"
time="2024-03-13T16:42:56+03:00" level=info msg="run app" func="main.run()" file="main.go:31"
time="2024-03-13T16:43:50+03:00" level=info msg="create router" func="main.main()" file="main.go:17"
time="2024-03-13T16:43:50+03:00" level=info msg="read app config" func="github.com/Kirusha-DA/VK-backend-trainee-service/internal/app/REST-service/config.GetConfig.func1()" file="config.go:25"
time="2024-03-13T16:43:50+03:00" level=info msg="register actor handler" func="main.main()" file="main.go:22"
time="2024-03-13T16:43:50+03:00" level=info msg="run app" func="main.run()" file="main.go:31"
time="2024-03-13T16:45:02+03:00" level=info msg="create router" func="main.main()" file="main.go:17"
time="2024-03-13T16:45:02+03:00" level=info msg="read app config" func="github.com/Kirusha-DA/VK-backend-trainee-service/internal/app/REST-service/config.GetConfig.func1()" file="config.go:25"
time="2024-03-13T16:45:02+03:00" level=info msg="register actor handler" func="main.main()" file="main.go:22"
time="2024-03-13T16:45:02+03:00" level=info msg="run app" func="main.run()" file="main.go:31"
time="2024-03-13T16:45:12+03:00" level=info msg="create router" func="main.main()" file="main.go:17"
time="2024-03-13T16:45:12+03:00" level=info msg="read app config" func="github.com/Kirusha-DA/VK-backend-trainee-service/internal/app/REST-service/config.GetConfig.func1()" file="config.go:25"
time="2024-03-13T16:45:12+03:00" level=info msg="register actor handler" func="main.main()" file="main.go:22"
time="2024-03-13T16:45:12+03:00" level=info msg="run app" func="main.run()" file="main.go:31"
time="2024-03-13T16:47:05+03:00" level=info msg="create router" func="main.main()" file="main.go:17"
time="2024-03-13T16:47:05+03:00" level=info msg="read app config" func="github.com/Kirusha-DA/VK-backend-trainee-service/internal/app/REST-service/config.GetConfig.func1()" file="config.go:25"
time="2024-03-13T16:47:05+03:00" level=info msg="register actor handler" func="main.main()" file="main.go:22"
time="2024-03-13T16:47:05+03:00" level=info msg="run app" func="main.run()" file="main.go:31"
time="2024-03-13T16:47:23+03:00" level=info msg="create router" func="main.main()" file="main.go:17"
time="2024-03-13T16:47:23+03:00" level=info msg="read app config" func="github.com/Kirusha-DA/VK-backend-trainee-service/internal/app/REST-service/config.GetConfig.func1()" file="config.go:25"
time="2024-03-13T16:47:23+03:00" level=info msg="register actor handler" func="main.main()" file="main.go:22"
time="2024-03-13T16:47:23+03:00" level=info msg="run app" func="main.run()" file="main.go:31"
time="2024-03-13T16:47:23+03:00" level=info msg="server is listening 127.0.0.1:8080" func="main.run()" file="main.go:47"
time="2024-03-13T16:50:46+03:00" level=info msg="create router" func="main.main()" file="main.go:17"
time="2024-03-13T16:50:46+03:00" level=info msg="read app config" func="github.com/Kirusha-DA/VK-backend-trainee-service/internal/app/REST-service/config.GetConfig.func1()" file="config.go:25"
time="2024-03-13T16:50:46+03:00" level=info msg="register actor handler" func="main.main()" file="main.go:22"
time="2024-03-13T16:50:46+03:00" level=info msg="run app" func="main.run()" file="main.go:31"
time="2024-03-13T16:50:46+03:00" level=info msg="server is listening 127.0.0.1:8080" func="main.run()" file="main.go:47"
time="2024-03-15T22:14:20+03:00" level=info msg="create router" func="main.main()" file="main.go:17"
time="2024-03-15T22:14:20+03:00" level=info msg="read app config" func="github.com/Kirusha-DA/VK-backend-trainee-service/internal/app/filmoteka/config.GetConfig.func1()" file="config.go:34"
time="2024-03-15T22:14:20+03:00" level=info msg="register actor handler" func="main.main()" file="main.go:22"
time="2024-03-15T22:14:20+03:00" level=info msg="run app" func="main.run()" file="main.go:31"
time="2024-03-15T22:14:20+03:00" level=info msg="server is listening 127.0.0.1:8080" func="main.run()" file="main.go:47"
time="2024-03-15T22:20:14+03:00" level=info msg="create router" func="main.main()" file="main.go:17"
time="2024-03-15T22:20:14+03:00" level=info msg="read app config" func="github.com/Kirusha-DA/VK-backend-trainee-service/internal/app/filmoteka/config.GetConfig.func1()" file="config.go:34"
time="2024-03-15T22:20:14+03:00" level=info msg="register actor handler" func="main.main()" file="main.go:22"
time="2024-03-15T22:20:14+03:00" level=info msg="run app" func="main.run()" file="main.go:31"
time="2024-03-15T22:20:14+03:00" level=info msg="server is listening 127.0.0.1:8080" func="main.run()" file="main.go:47"
time="2024-03-15T23:40:11+03:00" level=info msg="create router" func="main.main()" file="main.go:18"
time="2024-03-15T23:40:11+03:00" level=info msg="read app config" func="github.com/Kirusha-DA/VK-backend-trainee-service/internal/app/filmoteka/config.GetConfig.func1()" file="config.go:34"
time="2024-03-15T23:40:11+03:00" level=fatal msg="Failed to connect to postgres" func="github.com/Kirusha-DA/VK-backend-trainee-service/pkg/dbclient/postgres.NewClient()" file="postgres.go:17"
time="2024-03-15T23:40:28+03:00" level=info msg="create router" func="main.main()" file="main.go:18"
time="2024-03-15T23:40:28+03:00" level=info msg="read app config" func="github.com/Kirusha-DA/VK-backend-trainee-service/internal/app/filmoteka/config.GetConfig.func1()" file="config.go:34"
time="2024-03-15T23:40:28+03:00" level=fatal msg="Failed to connect to postgres" func="github.com/Kirusha-DA/VK-backend-trainee-service/pkg/dbclient/postgres.NewClient()" file="postgres.go:17"
time="2024-03-15T23:40:43+03:00" level=info msg="create router" func="main.main()" file="main.go:18"
time="2024-03-15T23:40:43+03:00" level=info msg="read app config" func="github.com/Kirusha-DA/VK-backend-trainee-service/internal/app/filmoteka/config.GetConfig.func1()" file="config.go:34"
time="2024-03-15T23:40:43+03:00" level=info msg="register actor handler" func="main.main()" file="main.go:33"
time="2024-03-15T23:40:43+03:00" level=info msg="run app" func="main.run()" file="main.go:42"
time="2024-03-15T23:40:43+03:00" level=info msg="server is listening 127.0.0.1:8080" func="main.run()" file="main.go:58"
time="2024-03-15T23:43:45+03:00" level=info msg="create router" func="main.main()" file="main.go:18"
time="2024-03-15T23:43:45+03:00" level=info msg="read app config" func="github.com/Kirusha-DA/VK-backend-trainee-service/internal/app/filmoteka/config.GetConfig.func1()" file="config.go:34"
time="2024-03-15T23:43:45+03:00" level=fatal msg="Failed to migrate db" func="main.main()" file="main.go:32"
time="2024-03-15T23:48:20+03:00" level=info msg="create router" func="main.main()" file="main.go:18"
time="2024-03-15T23:48:20+03:00" level=info msg="read app config" func="github.com/Kirusha-DA/VK-backend-trainee-service/internal/app/filmoteka/config.GetConfig.func1()" file="config.go:34"
time="2024-03-15T23:48:20+03:00" level=fatal msg="Failed to migrate DB" func="main.main()" file="main.go:32"
time="2024-03-15T23:48:35+03:00" level=info msg="create router" func="main.main()" file="main.go:18"
time="2024-03-15T23:48:35+03:00" level=info msg="read app config" func="github.com/Kirusha-DA/VK-backend-trainee-service/internal/app/filmoteka/config.GetConfig.func1()" file="config.go:34"
time="2024-03-15T23:48:35+03:00" level=fatal msg="Failed to migrate DB" func="main.main()" file="main.go:32"
time="2024-03-15T23:50:07+03:00" level=info msg="create router" func="main.main()" file="main.go:18"
time="2024-03-15T23:50:07+03:00" level=info msg="read app config" func="github.com/Kirusha-DA/VK-backend-trainee-service/internal/app/filmoteka/config.GetConfig.func1()" file="config.go:34"
time="2024-03-15T23:50:07+03:00" level=info msg="register actor handler" func="main.main()" file="main.go:35"
time="2024-03-15T23:50:07+03:00" level=info msg="run app" func="main.run()" file="main.go:44"
time="2024-03-15T23:50:07+03:00" level=info msg="server is listening 127.0.0.1:8080" func="main.run()" file="main.go:60"
time="2024-03-15T23:54:55+03:00" level=info msg="create router" func="main.main()" file="main.go:18"
time="2024-03-15T23:54:55+03:00" level=info msg="read app config" func="github.com/Kirusha-DA/VK-backend-trainee-service/internal/app/filmoteka/config.GetConfig.func1()" file="config.go:34"
time="2024-03-15T23:54:56+03:00" level=info msg="register actor handler" func="main.main()" file="main.go:35"
time="2024-03-15T23:54:56+03:00" level=info msg="run app" func="main.run()" file="main.go:44"
time="2024-03-15T23:54:56+03:00" level=info msg="server is listening 127.0.0.1:8080" func="main.run()" file="main.go:60"
time="2024-03-15T23:55:45+03:00" level=info msg="create router" func="main.main()" file="main.go:18"
time="2024-03-15T23:55:45+03:00" level=info msg="read app config" func="github.com/Kirusha-DA/VK-backend-trainee-service/internal/app/filmoteka/config.GetConfig.func1()" file="config.go:34"
time="2024-03-15T23:55:45+03:00" level=info msg="register actor handler" func="main.main()" file="main.go:35"
time="2024-03-15T23:55:45+03:00" level=info msg="run app" func="main.run()" file="main.go:44"
time="2024-03-15T23:55:45+03:00" level=info msg="server is listening 127.0.0.1:8080" func="main.run()" file="main.go:60"
time="2024-03-16T00:22:42+03:00" level=info msg="create router" func="main.main()" file="main.go:19"
time="2024-03-16T00:22:42+03:00" level=info msg="read app config" func="github.com/Kirusha-DA/VK-backend-trainee-service/internal/app/filmoteka/config.GetConfig.func1()" file="config.go:34"
time="2024-03-16T00:22:42+03:00" level=info msg="register actor handler" func="main.main()" file="main.go:34"
time="2024-03-16T00:22:42+03:00" level=info msg="run app" func="main.run()" file="main.go:43"
time="2024-03-16T00:22:42+03:00" level=info msg="server is listening 127.0.0.1:8080" func="main.run()" file="main.go:59"
time="2024-03-16T01:17:47+03:00" level=info msg="create router" func="main.main()" file="main.go:18"
time="2024-03-16T01:17:47+03:00" level=info msg="read app config" func="github.com/Kirusha-DA/VK-backend-trainee-service/internal/app/filmoteka/config.GetConfig.func1()" file="config.go:34"
time="2024-03-16T01:17:47+03:00" level=fatal msg="Failed to connect to postgres" func="github.com/Kirusha-DA/VK-backend-trainee-service/pkg/dbclient/postgres.NewClient()" file="postgres.go:17"
time="2024-03-16T01:18:55+03:00" level=info msg="create router" func="main.main()" file="main.go:18"
time="2024-03-16T01:18:55+03:00" level=info msg="read app config" func="github.com/Kirusha-DA/VK-backend-trainee-service/internal/app/filmoteka/config.GetConfig.func1()" file="config.go:34"
time="2024-03-16T01:18:55+03:00" level=info msg="register actor handler" func="main.main()" file="main.go:33"
time="2024-03-16T01:18:55+03:00" level=info msg="run app" func="main.run()" file="main.go:42"
time="2024-03-16T01:18:55+03:00" level=info msg="server is listening 127.0.0.1:8080" func="main.run()" file="main.go:58"
time="2024-03-16T01:20:49+03:00" level=info msg="create router" func="main.main()" file="main.go:18"
time="2024-03-16T01:20:49+03:00" level=info msg="read app config" func="github.com/Kirusha-DA/VK-backend-trainee-service/internal/app/filmoteka/config.GetConfig.func1()" file="config.go:34"
time="2024-03-16T01:20:49+03:00" level=info msg="register actor handler" func="main.main()" file="main.go:33"
time="2024-03-16T01:20:49+03:00" level=info msg="run app" func="main.run()" file="main.go:42"
time="2024-03-16T01:20:49+03:00" level=info msg="server is listening 127.0.0.1:8080" func="main.run()" file="main.go:58"
time="2024-03-16T01:27:07+03:00" level=info msg="create router" func="main.main()" file="main.go:19"
time="2024-03-16T01:27:07+03:00" level=info msg="read app config" func="github.com/Kirusha-DA/VK-backend-trainee-service/internal/app/filmoteka/config.GetConfig.func1()" file="config.go:34"
time="2024-03-16T01:27:08+03:00" level=info msg="register actor handler" func="main.main()" file="main.go:34"
time="2024-03-16T01:27:08+03:00" level=info msg="run app" func="main.run()" file="main.go:43"
time="2024-03-16T01:27:08+03:00" level=info msg="server is listening 127.0.0.1:8080" func="main.run()" file="main.go:59"
time="2024-03-16T01:30:55+03:00" level=info msg="create router" func="main.main()" file="main.go:19"
time="2024-03-16T01:30:55+03:00" level=info msg="read app config" func="github.com/Kirusha-DA/VK-backend-trainee-service/internal/app/filmoteka/config.GetConfig.func1()" file="config.go:34"
time="2024-03-16T01:30:56+03:00" level=info msg="register actor handler" func="main.main()" file="main.go:34"
time="2024-03-16T01:30:56+03:00" level=info msg="run app" func="main.run()" file="main.go:43"
time="2024-03-16T01:30:56+03:00" level=info msg="server is listening 127.0.0.1:8080" func="main.run()" file="main.go:59"
time="2024-03-16T01:39:46+03:00" level=info msg="create router" func="main.main()" file="main.go:19"
time="2024-03-16T01:39:46+03:00" level=info msg="read app config" func="github.com/Kirusha-DA/VK-backend-trainee-service/internal/app/filmoteka/config.GetConfig.func1()" file="config.go:34"
time="2024-03-16T01:39:46+03:00" level=info msg="register actor handler" func="main.main()" file="main.go:34"
time="2024-03-16T01:39:46+03:00" level=info msg="run app" func="main.run()" file="main.go:43"
time="2024-03-16T01:39:46+03:00" level=info msg="server is listening 127.0.0.1:8080" func="main.run()" file="main.go:59"
time="2024-03-16T01:41:01+03:00" level=info msg="create router" func="main.main()" file="main.go:19"
time="2024-03-16T01:41:01+03:00" level=info msg="read app config" func="github.com/Kirusha-DA/VK-backend-trainee-service/internal/app/filmoteka/config.GetConfig.func1()" file="config.go:34"
time="2024-03-16T01:41:01+03:00" level=info msg="register actor handler" func="main.main()" file="main.go:34"
time="2024-03-16T01:41:01+03:00" level=info msg="run app" func="main.run()" file="main.go:43"
time="2024-03-16T01:41:01+03:00" level=info msg="server is listening 127.0.0.1:8080" func="main.run()" file="main.go:59"
time="2024-03-16T01:42:26+03:00" level=info msg="create router" func="main.main()" file="main.go:19"
time="2024-03-16T01:42:26+03:00" level=info msg="read app config" func="github.com/Kirusha-DA/VK-backend-trainee-service/internal/app/filmoteka/config.GetConfig.func1()" file="config.go:34"
time="2024-03-16T01:42:26+03:00" level=info msg="register actor handler" func="main.main()" file="main.go:34"
time="2024-03-16T01:42:26+03:00" level=info msg="run app" func="main.run()" file="main.go:43"
time="2024-03-16T01:42:26+03:00" level=info msg="server is listening 127.0.0.1:8080" func="main.run()" file="main.go:59"
time="2024-03-16T01:43:16+03:00" level=info msg="create router" func="main.main()" file="main.go:19"
time="2024-03-16T01:43:16+03:00" level=info msg="read app config" func="github.com/Kirusha-DA/VK-backend-trainee-service/internal/app/filmoteka/config.GetConfig.func1()" file="config.go:34"
time="2024-03-16T01:43:16+03:00" level=fatal msg="ERROR: syntax error at or near \"in\" (SQLSTATE 42601)" func="main.main()" file="main.go:33"
time="2024-03-16T01:44:30+03:00" level=info msg="create router" func="main.main()" file="main.go:19"
time="2024-03-16T01:44:30+03:00" level=info msg="read app config" func="github.com/Kirusha-DA/VK-backend-trainee-service/internal/app/filmoteka/config.GetConfig.func1()" file="config.go:34"
time="2024-03-16T01:44:30+03:00" level=fatal msg="ERROR: check constraint \"chk_actors_sex\" of relation \"actors\" is violated by some row (SQLSTATE 23514)" func="main.main()" file="main.go:33"
time="2024-03-16T01:45:34+03:00" level=info msg="create router" func="main.main()" file="main.go:19"
time="2024-03-16T01:45:34+03:00" level=info msg="read app config" func="github.com/Kirusha-DA/VK-backend-trainee-service/internal/app/filmoteka/config.GetConfig.func1()" file="config.go:34"
time="2024-03-16T01:45:34+03:00" level=fatal msg="ERROR: check constraint \"chk_actors_sex\" of relation \"actors\" is violated by some row (SQLSTATE 23514)" func="main.main()" file="main.go:33"
time="2024-03-16T01:50:45+03:00" level=info msg="create router" func="main.main()" file="main.go:19"
time="2024-03-16T01:50:45+03:00" level=info msg="read app config" func="github.com/Kirusha-DA/VK-backend-trainee-service/internal/app/filmoteka/config.GetConfig.func1()" file="config.go:34"
time="2024-03-16T01:50:46+03:00" level=fatal msg="ERROR: column \"f\" does not exist (SQLSTATE 42703)" func="main.main()" file="main.go:33"
time="2024-03-16T01:54:21+03:00" level=info msg="create router" func="main.main()" file="main.go:19"
time="2024-03-16T01:54:21+03:00" level=info msg="read app config" func="github.com/Kirusha-DA/VK-backend-trainee-service/internal/app/filmoteka/config.GetConfig.func1()" file="config.go:34"
time="2024-03-16T01:54:21+03:00" level=fatal msg="ERROR: column \"sex\" does not exist (SQLSTATE 42703)" func="main.main()" file="main.go:33"
time="2024-03-16T01:55:04+03:00" level=info msg="create router" func="main.main()" file="main.go:19"
time="2024-03-16T01:55:04+03:00" level=info msg="read app config" func="github.com/Kirusha-DA/VK-backend-trainee-service/internal/app/filmoteka/config.GetConfig.func1()" file="config.go:34"
time="2024-03-16T01:55:04+03:00" level=info msg="register actor handler" func="main.main()" file="main.go:36"
time="2024-03-16T01:55:04+03:00" level=info msg="run app" func="main.run()" file="main.go:45"
time="2024-03-16T01:55:04+03:00" level=info msg="server is listening 127.0.0.1:8080" func="main.run()" file="main.go:61"
time="2024-03-16T10:26:07+03:00" level=info msg="create router" func="main.main()" file="main.go:19"
time="2024-03-16T10:26:07+03:00" level=info msg="read app config" func="github.com/Kirusha-DA/VK-backend-trainee-service/internal/app/filmoteka/config.GetConfig.func1()" file="config.go:36"
time="2024-03-16T10:26:07+03:00" level=info msg="register actor handler" func="main.main()" file="main.go:36"
time="2024-03-16T10:26:07+03:00" level=info msg="run app" func="main.run()" file="main.go:45"
time="2024-03-16T10:26:07+03:00" level=info msg="server is listening 127.0.0.1:8080" func="main.run()" file="main.go:61"
time="2024-03-16T11:03:06+03:00" level=info msg="create router" func="main.main()" file="main.go:20"
time="2024-03-16T11:03:06+03:00" level=info msg="read app config" func="github.com/Kirusha-DA/VK-backend-trainee-service/internal/app/filmoteka/config.GetConfig.func1()" file="config.go:36"
time="2024-03-16T11:03:07+03:00" level=info msg="register actor repository" func="main.main()" file="main.go:37"
time="2024-03-16T11:03:07+03:00" level=info msg="register actor handler" func="main.main()" file="main.go:40"
time="2024-03-16T11:03:07+03:00" level=info msg="run app" func="main.run()" file="main.go:49"
time="2024-03-16T11:03:07+03:00" level=info msg="server is listening 127.0.0.1:8080" func="main.run()" file="main.go:65"
time="2024-03-16T11:12:11+03:00" level=info msg="create router" func="main.main()" file="main.go:20"
time="2024-03-16T11:12:11+03:00" level=info msg="read app config" func="github.com/Kirusha-DA/VK-backend-trainee-service/internal/app/filmoteka/config.GetConfig.func1()" file="config.go:36"
time="2024-03-16T11:12:11+03:00" level=info msg="register actor repository" func="main.main()" file="main.go:37"
time="2024-03-16T11:12:11+03:00" level=info msg="register actor handler" func="main.main()" file="main.go:40"
time="2024-03-16T11:12:11+03:00" level=info msg="run app" func="main.run()" file="main.go:49"
time="2024-03-16T11:12:11+03:00" level=info msg="server is listening 127.0.0.1:8080" func="main.run()" file="main.go:65"
time="2024-03-16T11:12:16+03:00" level=info msg="create actor:" func="github.com/Kirusha-DA/VK-backend-trainee-service/internal/app/filmoteka/actor.(*handler).CreateActor()" file="handler.go:40"
time="2024-03-16T11:12:16+03:00" level=info msg="{0 sergay  <nil> []}" func="github.com/Kirusha-DA/VK-backend-trainee-service/internal/app/filmoteka/actor.(*handler).CreateActor()" file="handler.go:50"
time="2024-03-16T11:13:17+03:00" level=info msg="create actor:" func="github.com/Kirusha-DA/VK-backend-trainee-service/internal/app/filmoteka/actor.(*handler).CreateActor()" file="handler.go:40"
time="2024-03-16T11:13:17+03:00" level=info msg="{0 sergey M <nil> []}" func="github.com/Kirusha-DA/VK-backend-trainee-service/internal/app/filmoteka/actor.(*handler).CreateActor()" file="handler.go:50"
time="2024-03-16T11:15:42+03:00" level=info msg="create actor:" func="github.com/Kirusha-DA/VK-backend-trainee-service/internal/app/filmoteka/actor.(*handler).CreateActor()" file="handler.go:40"
time="2024-03-16T11:15:42+03:00" level=info msg="{0 sergey M <nil> []}" func="github.com/Kirusha-DA/VK-backend-trainee-service/internal/app/filmoteka/actor.(*handler).CreateActor()" file="handler.go:50"
time="2024-03-16T11:27:05+03:00" level=info msg="create router" func="main.main()" file="main.go:20"
time="2024-03-16T11:27:05+03:00" level=info msg="read app config" func="github.com/Kirusha-DA/VK-backend-trainee-service/internal/app/filmoteka/config.GetConfig.func1()" file="config.go:36"
time="2024-03-16T11:27:06+03:00" level=info msg="register actor repository" func="main.main()" file="main.go:37"
time="2024-03-16T11:27:06+03:00" level=info msg="register actor handler" func="main.main()" file="main.go:40"
time="2024-03-16T11:27:06+03:00" level=info msg="run app" func="main.run()" file="main.go:49"
time="2024-03-16T11:27:06+03:00" level=info msg="server is listening 127.0.0.1:8080" func="main.run()" file="main.go:65"
time="2024-03-16T11:28:00+03:00" level=info msg="create router" func="main.main()" file="main.go:20"
time="2024-03-16T11:28:00+03:00" level=info msg="read app config" func="github.com/Kirusha-DA/VK-backend-trainee-service/internal/app/filmoteka/config.GetConfig.func1()" file="config.go:36"
time="2024-03-16T11:28:00+03:00" level=info msg="register actor repository" func="main.main()" file="main.go:37"
time="2024-03-16T11:28:00+03:00" level=info msg="register actor handler" func="main.main()" file="main.go:40"
time="2024-03-16T11:28:00+03:00" level=info msg="run app" func="main.run()" file="main.go:49"
time="2024-03-16T11:28:00+03:00" level=info msg="server is listening 127.0.0.1:8080" func="main.run()" file="main.go:65"
time="2024-03-16T11:28:29+03:00" level=info msg="update actor" func="github.com/Kirusha-DA/VK-backend-trainee-service/internal/app/filmoteka/actor.(*handler).UpdateActor()" file="handler.go:57"
time="2024-03-16T11:28:29+03:00" level=info msg="{1 lox M <nil> []}" func="github.com/Kirusha-DA/VK-backend-trainee-service/internal/app/filmoteka/actor.(*handler).UpdateActor()" file="handler.go:71"
time="2024-03-16T11:31:15+03:00" level=info msg="create actor" func="github.com/Kirusha-DA/VK-backend-trainee-service/internal/app/filmoteka/actor.(*handler).CreateActor()" file="handler.go:41"
time="2024-03-16T11:31:15+03:00" level=info msg="{M <nil>}" func="github.com/Kirusha-DA/VK-backend-trainee-service/internal/app/filmoteka/actor.(*handler).CreateActor()" file="handler.go:51"
time="2024-03-16T11:31:34+03:00" level=info msg="create actor" func="github.com/Kirusha-DA/VK-backend-trainee-service/internal/app/filmoteka/actor.(*handler).CreateActor()" file="handler.go:41"
time="2024-03-16T11:31:34+03:00" level=info msg="{M <nil>}" func="github.com/Kirusha-DA/VK-backend-trainee-service/internal/app/filmoteka/actor.(*handler).CreateActor()" file="handler.go:51"
time="2024-03-16T11:32:09+03:00" level=info msg="create actor" func="github.com/Kirusha-DA/VK-backend-trainee-service/internal/app/filmoteka/actor.(*handler).CreateActor()" file="handler.go:41"
time="2024-03-16T11:32:09+03:00" level=info msg="{M <nil>}" func="github.com/Kirusha-DA/VK-backend-trainee-service/internal/app/filmoteka/actor.(*handler).CreateActor()" file="handler.go:51"
time="2024-03-16T11:35:00+03:00" level=info msg="create router" func="main.main()" file="main.go:20"
time="2024-03-16T11:35:00+03:00" level=info msg="read app config" func="github.com/Kirusha-DA/VK-backend-trainee-service/internal/app/filmoteka/config.GetConfig.func1()" file="config.go:36"
time="2024-03-16T11:35:00+03:00" level=info msg="register actor repository" func="main.main()" file="main.go:37"
time="2024-03-16T11:35:00+03:00" level=info msg="register actor handler" func="main.main()" file="main.go:40"
time="2024-03-16T11:35:00+03:00" level=info msg="run app" func="main.run()" file="main.go:49"
time="2024-03-16T11:35:00+03:00" level=info msg="server is listening 127.0.0.1:8080" func="main.run()" file="main.go:65"
time="2024-03-16T11:35:05+03:00" level=info msg="create actor" func="github.com/Kirusha-DA/VK-backend-trainee-service/internal/app/filmoteka/actor.(*handler).CreateActor()" file="handler.go:41"
time="2024-03-16T11:35:05+03:00" level=info msg="{M <nil>}" func="github.com/Kirusha-DA/VK-backend-trainee-service/internal/app/filmoteka/actor.(*handler).CreateActor()" file="handler.go:51"
time="2024-03-16T11:36:08+03:00" level=info msg="create router" func="main.main()" file="main.go:20"
time="2024-03-16T11:36:08+03:00" level=info msg="read app config" func="github.com/Kirusha-DA/VK-backend-trainee-service/internal/app/filmoteka/config.GetConfig.func1()" file="config.go:36"
time="2024-03-16T11:36:08+03:00" level=info msg="register actor repository" func="main.main()" file="main.go:37"
time="2024-03-16T11:36:08+03:00" level=info msg="register actor handler" func="main.main()" file="main.go:40"
time="2024-03-16T11:36:08+03:00" level=info msg="run app" func="main.run()" file="main.go:49"
time="2024-03-16T11:36:08+03:00" level=info msg="server is listening 127.0.0.1:8080" func="main.run()" file="main.go:65"
time="2024-03-16T11:36:16+03:00" level=info msg="create actor" func="github.com/Kirusha-DA/VK-backend-trainee-service/internal/app/filmoteka/actor.(*handler).CreateActor()" file="handler.go:41"
time="2024-03-16T11:36:16+03:00" level=info msg="{M <nil>}" func="github.com/Kirusha-DA/VK-backend-trainee-service/internal/app/filmoteka/actor.(*handler).CreateActor()" file="handler.go:51"
time="2024-03-16T11:40:00+03:00" level=info msg="create actor" func="github.com/Kirusha-DA/VK-backend-trainee-service/internal/app/filmoteka/actor.(*handler).CreateActor()" file="handler.go:41"
time="2024-03-16T11:40:00+03:00" level=info msg="{M <nil>}" func="github.com/Kirusha-DA/VK-backend-trainee-service/internal/app/filmoteka/actor.(*handler).CreateActor()" file="handler.go:51"
time="2024-03-16T11:48:32+03:00" level=info msg="create router" func="main.main()" file="main.go:20"
time="2024-03-16T11:48:32+03:00" level=info msg="read app config" func="github.com/Kirusha-DA/VK-backend-trainee-service/internal/app/filmoteka/config.GetConfig.func1()" file="config.go:36"
time="2024-03-16T11:48:33+03:00" level=info msg="register actor repository" func="main.main()" file="main.go:37"
time="2024-03-16T11:48:33+03:00" level=info msg="register actor handler" func="main.main()" file="main.go:40"
time="2024-03-16T11:48:33+03:00" level=info msg="run app" func="main.run()" file="main.go:49"
time="2024-03-16T11:48:33+03:00" level=info msg="server is listening 127.0.0.1:8080" func="main.run()" file="main.go:65"
time="2024-03-16T11:48:36+03:00" level=info msg="create actor" func="github.com/Kirusha-DA/VK-backend-trainee-service/internal/app/filmoteka/actor.(*handler).CreateActor()" file="handler.go:41"
time="2024-03-16T11:48:36+03:00" level=info msg="{hoho M <nil>}" func="github.com/Kirusha-DA/VK-backend-trainee-service/internal/app/filmoteka/actor.(*handler).CreateActor()" file="handler.go:51"
time="2024-03-16T11:50:20+03:00" level=info msg="update actor" func="github.com/Kirusha-DA/VK-backend-trainee-service/internal/app/filmoteka/actor.(*handler).UpdateActor()" file="handler.go:57"
time="2024-03-16T11:50:20+03:00" level=info msg="{8 hoho M <nil> []}" func="github.com/Kirusha-DA/VK-backend-trainee-service/internal/app/filmoteka/actor.(*handler).UpdateActor()" file="handler.go:71"
time="2024-03-16T11:55:57+03:00" level=info msg="create router" func="main.main()" file="main.go:20"
time="2024-03-16T11:55:57+03:00" level=info msg="read app config" func="github.com/Kirusha-DA/VK-backend-trainee-service/internal/app/filmoteka/config.GetConfig.func1()" file="config.go:36"
time="2024-03-16T11:55:57+03:00" level=info msg="register actor repository" func="main.main()" file="main.go:37"
time="2024-03-16T11:55:57+03:00" level=info msg="register actor handler" func="main.main()" file="main.go:40"
time="2024-03-16T11:55:57+03:00" level=info msg="run app" func="main.run()" file="main.go:49"
time="2024-03-16T11:55:57+03:00" level=info msg="server is listening 127.0.0.1:8080" func="main.run()" file="main.go:65"
time="2024-03-16T11:56:02+03:00" level=info msg="update actor" func="github.com/Kirusha-DA/VK-backend-trainee-service/internal/app/filmoteka/actor.(*handler).UpdateActor()" file="handler.go:57"
time="2024-03-16T11:56:02+03:00" level=info msg="{8 hoho M <nil> []}" func="github.com/Kirusha-DA/VK-backend-trainee-service/internal/app/filmoteka/actor.(*handler).UpdateActor()" file="handler.go:71"
time="2024-03-16T11:58:26+03:00" level=info msg="update actor" func="github.com/Kirusha-DA/VK-backend-trainee-service/internal/app/filmoteka/actor.(*handler).UpdateActor()" file="handler.go:57"
time="2024-03-16T11:58:26+03:00" level=info msg="{8 hoho M <nil> []}" func="github.com/Kirusha-DA/VK-backend-trainee-service/internal/app/filmoteka/actor.(*handler).UpdateActor()" file="handler.go:71"
time="2024-03-16T11:59:42+03:00" level=info msg="create router" func="main.main()" file="main.go:20"
time="2024-03-16T11:59:42+03:00" level=info msg="read app config" func="github.com/Kirusha-DA/VK-backend-trainee-service/internal/app/filmoteka/config.GetConfig.func1()" file="config.go:36"
time="2024-03-16T11:59:43+03:00" level=info msg="register actor repository" func="main.main()" file="main.go:37"
time="2024-03-16T11:59:43+03:00" level=info msg="register actor handler" func="main.main()" file="main.go:40"
time="2024-03-16T11:59:43+03:00" level=info msg="run app" func="main.run()" file="main.go:49"
time="2024-03-16T11:59:43+03:00" level=info msg="server is listening 127.0.0.1:8080" func="main.run()" file="main.go:65"
time="2024-03-16T11:59:52+03:00" level=info msg="update actor" func="github.com/Kirusha-DA/VK-backend-trainee-service/internal/app/filmoteka/actor.(*handler).UpdateActor()" file="handler.go:57"
time="2024-03-16T11:59:52+03:00" level=info msg="{8 hoho M <nil> []}" func="github.com/Kirusha-DA/VK-backend-trainee-service/internal/app/filmoteka/actor.(*handler).UpdateActor()" file="handler.go:71"
time="2024-03-16T12:00:55+03:00" level=info msg="update actor" func="github.com/Kirusha-DA/VK-backend-trainee-service/internal/app/filmoteka/actor.(*handler).UpdateActor()" file="handler.go:57"
time="2024-03-16T12:00:55+03:00" level=info msg="{90909 hoho M <nil> []}" func="github.com/Kirusha-DA/VK-backend-trainee-service/internal/app/filmoteka/actor.(*handler).UpdateActor()" file="handler.go:71"
time="2024-03-16T12:01:47+03:00" level=info msg="update actor" func="github.com/Kirusha-DA/VK-backend-trainee-service/internal/app/filmoteka/actor.(*handler).UpdateActor()" file="handler.go:57"
time="2024-03-16T12:01:47+03:00" level=info msg="{1  F <nil> []}" func="github.com/Kirusha-DA/VK-backend-trainee-service/internal/app/filmoteka/actor.(*handler).UpdateActor()" file="handler.go:71"
time="2024-03-16T12:09:11+03:00" level=info msg="create router" func="main.main()" file="main.go:20"
time="2024-03-16T12:09:11+03:00" level=info msg="read app config" func="github.com/Kirusha-DA/VK-backend-trainee-service/internal/app/filmoteka/config.GetConfig.func1()" file="config.go:36"
time="2024-03-16T12:09:11+03:00" level=info msg="register actor repository" func="main.main()" file="main.go:37"
time="2024-03-16T12:09:11+03:00" level=info msg="register actor handler" func="main.main()" file="main.go:40"
time="2024-03-16T12:09:11+03:00" level=info msg="run app" func="main.run()" file="main.go:49"
time="2024-03-16T12:09:11+03:00" level=info msg="server is listening 127.0.0.1:8080" func="main.run()" file="main.go:65"
time="2024-03-16T12:09:35+03:00" level=info msg="update actor" func="github.com/Kirusha-DA/VK-backend-trainee-service/internal/app/filmoteka/actor.(*handler).UpdateActor()" file="handler.go:57"
time="2024-03-16T12:09:35+03:00" level=info msg="{9 <nil> F <nil> []}" func="github.com/Kirusha-DA/VK-backend-trainee-service/internal/app/filmoteka/actor.(*handler).UpdateActor()" file="handler.go:71"
time="2024-03-16T14:10:30+03:00" level=info msg="create router" func="main.main()" file="main.go:20"
time="2024-03-16T14:10:30+03:00" level=info msg="read app config" func="github.com/Kirusha-DA/VK-backend-trainee-service/internal/app/filmoteka/config.GetConfig.func1()" file="config.go:36"
time="2024-03-16T14:10:30+03:00" level=info msg="register actor repository" func="main.main()" file="main.go:37"
time="2024-03-16T14:10:30+03:00" level=info msg="register actor handler" func="main.main()" file="main.go:40"
time="2024-03-16T14:10:30+03:00" level=info msg="run app" func="main.run()" file="main.go:49"
time="2024-03-16T14:10:30+03:00" level=info msg="server is listening 127.0.0.1:8080" func="main.run()" file="main.go:65"
time="2024-03-16T14:12:04+03:00" level=info msg="update actor" func="github.com/Kirusha-DA/VK-backend-trainee-service/internal/app/filmoteka/actor.(*handler).UpdateActor()" file="handler.go:57"
time="2024-03-16T14:12:04+03:00" level=info msg="{1 <nil> F <nil> []}" func="github.com/Kirusha-DA/VK-backend-trainee-service/internal/app/filmoteka/actor.(*handler).UpdateActor()" file="handler.go:71"
time="2024-03-16T14:17:13+03:00" level=info msg="create router" func="main.main()" file="main.go:20"
time="2024-03-16T14:17:13+03:00" level=info msg="read app config" func="github.com/Kirusha-DA/VK-backend-trainee-service/internal/app/filmoteka/config.GetConfig.func1()" file="config.go:36"
time="2024-03-16T14:17:13+03:00" level=info msg="register actor repository" func="main.main()" file="main.go:37"
time="2024-03-16T14:17:13+03:00" level=info msg="register actor handler" func="main.main()" file="main.go:40"
time="2024-03-16T14:17:13+03:00" level=info msg="run app" func="main.run()" file="main.go:49"
time="2024-03-16T14:17:13+03:00" level=info msg="server is listening 127.0.0.1:8080" func="main.run()" file="main.go:65"
time="2024-03-16T14:17:48+03:00" level=info msg="update actor" func="github.com/Kirusha-DA/VK-backend-trainee-service/internal/app/filmoteka/actor.(*handler).UpdateActor()" file="handler.go:57"
time="2024-03-16T14:17:48+03:00" level=info msg="{100 <nil> 0xc000336eb0 <nil> []}" func="github.com/Kirusha-DA/VK-backend-trainee-service/internal/app/filmoteka/actor.(*handler).UpdateActor()" file="handler.go:71"
time="2024-03-16T14:18:12+03:00" level=info msg="update actor" func="github.com/Kirusha-DA/VK-backend-trainee-service/internal/app/filmoteka/actor.(*handler).UpdateActor()" file="handler.go:57"
time="2024-03-16T14:18:12+03:00" level=info msg="{100 0xc0003dd530 <nil> <nil> []}" func="github.com/Kirusha-DA/VK-backend-trainee-service/internal/app/filmoteka/actor.(*handler).UpdateActor()" file="handler.go:71"
time="2024-03-16T14:37:02+03:00" level=info msg="create router" func="main.main()" file="main.go:20"
time="2024-03-16T14:37:02+03:00" level=info msg="read app config" func="github.com/Kirusha-DA/VK-backend-trainee-service/internal/app/filmoteka/config.GetConfig.func1()" file="config.go:36"
time="2024-03-16T14:37:02+03:00" level=info msg="register actor repository" func="main.main()" file="main.go:37"
time="2024-03-16T14:37:02+03:00" level=info msg="register actor handler" func="main.main()" file="main.go:40"
time="2024-03-16T14:37:02+03:00" level=info msg="run app" func="main.run()" file="main.go:49"
time="2024-03-16T14:37:02+03:00" level=info msg="server is listening 127.0.0.1:8080" func="main.run()" file="main.go:65"
time="2024-03-16T14:39:00+03:00" level=info msg="partially update actor" func="github.com/Kirusha-DA/VK-backend-trainee-service/internal/app/filmoteka/actor.(*handler).PartiallyUpdateActor()" file="handler.go:77"
time="2024-03-16T14:39:00+03:00" level=info msg="{9 0xc0003ab490 <nil> <nil> []}" func="github.com/Kirusha-DA/VK-backend-trainee-service/internal/app/filmoteka/actor.(*handler).PartiallyUpdateActor()" file="handler.go:91"
time="2024-03-16T14:39:47+03:00" level=info msg="partially update actor" func="github.com/Kirusha-DA/VK-backend-trainee-service/internal/app/filmoteka/actor.(*handler).PartiallyUpdateActor()" file="handler.go:77"
time="2024-03-16T14:39:47+03:00" level=info msg="{9 0xc0004901c0 <nil> <nil> []}" func="github.com/Kirusha-DA/VK-backend-trainee-service/internal/app/filmoteka/actor.(*handler).PartiallyUpdateActor()" file="handler.go:91"
time="2024-03-16T14:41:32+03:00" level=info msg="create router" func="main.main()" file="main.go:20"
time="2024-03-16T14:41:32+03:00" level=info msg="read app config" func="github.com/Kirusha-DA/VK-backend-trainee-service/internal/app/filmoteka/config.GetConfig.func1()" file="config.go:36"
time="2024-03-16T14:41:32+03:00" level=info msg="register actor repository" func="main.main()" file="main.go:37"
time="2024-03-16T14:41:32+03:00" level=info msg="register actor handler" func="main.main()" file="main.go:40"
time="2024-03-16T14:41:32+03:00" level=info msg="run app" func="main.run()" file="main.go:49"
time="2024-03-16T14:41:32+03:00" level=info msg="server is listening 127.0.0.1:8080" func="main.run()" file="main.go:65"
time="2024-03-16T14:41:39+03:00" level=info msg="partially update actor" func="github.com/Kirusha-DA/VK-backend-trainee-service/internal/app/filmoteka/actor.(*handler).PartiallyUpdateActor()" file="handler.go:77"
time="2024-03-16T14:41:39+03:00" level=info msg="{9 0xc000402cc0 <nil> <nil> []}" func="github.com/Kirusha-DA/VK-backend-trainee-service/internal/app/filmoteka/actor.(*handler).PartiallyUpdateActor()" file="handler.go:91"
time="2024-03-16T14:42:19+03:00" level=info msg="partially update actor" func="github.com/Kirusha-DA/VK-backend-trainee-service/internal/app/filmoteka/actor.(*handler).PartiallyUpdateActor()" file="handler.go:77"
time="2024-03-16T14:42:19+03:00" level=info msg="{9 0xc0001321c0 <nil> <nil> []}" func="github.com/Kirusha-DA/VK-backend-trainee-service/internal/app/filmoteka/actor.(*handler).PartiallyUpdateActor()" file="handler.go:91"
time="2024-03-16T14:44:38+03:00" level=info msg="create router" func="main.main()" file="main.go:20"
time="2024-03-16T14:44:38+03:00" level=info msg="read app config" func="github.com/Kirusha-DA/VK-backend-trainee-service/internal/app/filmoteka/config.GetConfig.func1()" file="config.go:36"
time="2024-03-16T14:44:38+03:00" level=info msg="register actor repository" func="main.main()" file="main.go:37"
time="2024-03-16T14:44:38+03:00" level=info msg="register actor handler" func="main.main()" file="main.go:40"
time="2024-03-16T14:44:38+03:00" level=info msg="run app" func="main.run()" file="main.go:49"
time="2024-03-16T14:44:38+03:00" level=info msg="server is listening 127.0.0.1:8080" func="main.run()" file="main.go:65"
time="2024-03-16T14:44:44+03:00" level=info msg="partially update actor" func="github.com/Kirusha-DA/VK-backend-trainee-service/internal/app/filmoteka/actor.(*handler).PartiallyUpdateActor()" file="handler.go:77"
time="2024-03-16T14:44:44+03:00" level=info msg="{9 0xc00010f880 <nil> <nil> []}" func="github.com/Kirusha-DA/VK-backend-trainee-service/internal/app/filmoteka/actor.(*handler).PartiallyUpdateActor()" file="handler.go:91"
time="2024-03-16T14:45:43+03:00" level=info msg="partially update actor" func="github.com/Kirusha-DA/VK-backend-trainee-service/internal/app/filmoteka/actor.(*handler).PartiallyUpdateActor()" file="handler.go:77"
time="2024-03-16T14:45:43+03:00" level=info msg="{9 0xc00010fc60 <nil> <nil> []}" func="github.com/Kirusha-DA/VK-backend-trainee-service/internal/app/filmoteka/actor.(*handler).PartiallyUpdateActor()" file="handler.go:91"
time="2024-03-16T14:48:19+03:00" level=info msg="create router" func="main.main()" file="main.go:20"
time="2024-03-16T14:48:19+03:00" level=info msg="read app config" func="github.com/Kirusha-DA/VK-backend-trainee-service/internal/app/filmoteka/config.GetConfig.func1()" file="config.go:36"
time="2024-03-16T14:48:19+03:00" level=info msg="register actor repository" func="main.main()" file="main.go:37"
time="2024-03-16T14:48:19+03:00" level=info msg="register actor handler" func="main.main()" file="main.go:40"
time="2024-03-16T14:48:19+03:00" level=info msg="run app" func="main.run()" file="main.go:49"
time="2024-03-16T14:48:19+03:00" level=info msg="server is listening 127.0.0.1:8080" func="main.run()" file="main.go:65"
time="2024-03-16T14:48:26+03:00" level=info msg="partially update actor" func="github.com/Kirusha-DA/VK-backend-trainee-service/internal/app/filmoteka/actor.(*handler).PartiallyUpdateActor()" file="handler.go:77"
time="2024-03-16T14:48:26+03:00" level=info msg="{9 0xc00040cbc0 <nil> <nil> []}" func="github.com/Kirusha-DA/VK-backend-trainee-service/internal/app/filmoteka/actor.(*handler).PartiallyUpdateActor()" file="handler.go:91"
time="2024-03-16T14:49:20+03:00" level=info msg="partially update actor" func="github.com/Kirusha-DA/VK-backend-trainee-service/internal/app/filmoteka/actor.(*handler).PartiallyUpdateActor()" file="handler.go:77"
time="2024-03-16T14:49:20+03:00" level=info msg="{8 <nil> 0xc0000362a0 <nil> []}" func="github.com/Kirusha-DA/VK-backend-trainee-service/internal/app/filmoteka/actor.(*handler).PartiallyUpdateActor()" file="handler.go:91"
time="2024-03-16T14:50:33+03:00" level=info msg="partially update actor" func="github.com/Kirusha-DA/VK-backend-trainee-service/internal/app/filmoteka/actor.(*handler).PartiallyUpdateActor()" file="handler.go:77"
time="2024-03-16T14:50:33+03:00" level=info msg="{400 <nil> 0xc0002d16f0 <nil> []}" func="github.com/Kirusha-DA/VK-backend-trainee-service/internal/app/filmoteka/actor.(*handler).PartiallyUpdateActor()" file="handler.go:91"
time="2024-03-16T14:51:11+03:00" level=info msg="partially update actor" func="github.com/Kirusha-DA/VK-backend-trainee-service/internal/app/filmoteka/actor.(*handler).PartiallyUpdateActor()" file="handler.go:77"
time="2024-03-16T14:51:11+03:00" level=info msg="{400 <nil> 0xc000036700 <nil> []}" func="github.com/Kirusha-DA/VK-backend-trainee-service/internal/app/filmoteka/actor.(*handler).PartiallyUpdateActor()" file="handler.go:91"
time="2024-03-16T14:54:28+03:00" level=info msg="create router" func="main.main()" file="main.go:20"
time="2024-03-16T14:54:28+03:00" level=info msg="read app config" func="github.com/Kirusha-DA/VK-backend-trainee-service/internal/app/filmoteka/config.GetConfig.func1()" file="config.go:36"
time="2024-03-16T14:54:28+03:00" level=info msg="register actor repository" func="main.main()" file="main.go:37"
time="2024-03-16T14:54:28+03:00" level=info msg="register actor handler" func="main.main()" file="main.go:40"
time="2024-03-16T14:54:28+03:00" level=info msg="run app" func="main.run()" file="main.go:49"
time="2024-03-16T14:54:28+03:00" level=info msg="server is listening 127.0.0.1:8080" func="main.run()" file="main.go:65"
time="2024-03-16T15:09:52+03:00" level=info msg="create router" func="main.main()" file="main.go:20"
time="2024-03-16T15:09:52+03:00" level=info msg="read app config" func="github.com/Kirusha-DA/VK-backend-trainee-service/internal/app/filmoteka/config.GetConfig.func1()" file="config.go:36"
time="2024-03-16T15:09:52+03:00" level=info msg="register actor repository" func="main.main()" file="main.go:37"
time="2024-03-16T15:09:52+03:00" level=info msg="register actor handler" func="main.main()" file="main.go:40"
time="2024-03-16T15:09:52+03:00" level=info msg="run app" func="main.run()" file="main.go:49"
time="2024-03-16T15:09:52+03:00" level=info msg="server is listening 127.0.0.1:8080" func="main.run()" file="main.go:65"
time="2024-03-16T17:28:57+03:00" level=info msg="create router" func="main.main()" file="main.go:20"
time="2024-03-16T17:28:57+03:00" level=info msg="read app config" func="github.com/Kirusha-DA/VK-backend-trainee-service/internal/app/filmoteka/config.GetConfig.func1()" file="config.go:36"
time="2024-03-16T17:28:58+03:00" level=info msg="register actor repository" func="main.main()" file="main.go:37"
time="2024-03-16T17:28:58+03:00" level=info msg="register actor handler" func="main.main()" file="main.go:40"
time="2024-03-16T17:28:58+03:00" level=info msg="run app" func="main.run()" file="main.go:49"
time="2024-03-16T17:28:58+03:00" level=info msg="server is listening 127.0.0.1:8080" func="main.run()" file="main.go:65"
time="2024-03-16T17:41:35+03:00" level=info msg="create router" func="main.main()" file="main.go:21"
time="2024-03-16T17:41:35+03:00" level=info msg="read app config" func="github.com/Kirusha-DA/VK-backend-trainee-service/internal/app/filmoteka/config.GetConfig.func1()" file="config.go:36"
time="2024-03-16T17:41:35+03:00" level=info msg="register actor repository" func="main.main()" file="main.go:38"
time="2024-03-16T17:41:35+03:00" level=info msg="register actor handler" func="main.main()" file="main.go:42"
time="2024-03-16T17:41:35+03:00" level=info msg="run app" func="main.run()" file="main.go:53"
time="2024-03-16T17:41:35+03:00" level=info msg="server is listening 127.0.0.1:8080" func="main.run()" file="main.go:69"
time="2024-03-16T17:41:47+03:00" level=info msg="{Ahtung  0}" func="github.com/Kirusha-DA/VK-backend-trainee-service/internal/app/filmoteka/movie.(*handler).CreateMovie()" file="handler.go:80"
time="2024-03-16T17:42:09+03:00" level=info msg="{Bichtung  0}" func="github.com/Kirusha-DA/VK-backend-trainee-service/internal/app/filmoteka/movie.(*handler).CreateMovie()" file="handler.go:80"
time="2024-03-16T17:44:02+03:00" level=info msg="create router" func="main.main()" file="main.go:21"
time="2024-03-16T17:44:02+03:00" level=info msg="read app config" func="github.com/Kirusha-DA/VK-backend-trainee-service/internal/app/filmoteka/config.GetConfig.func1()" file="config.go:36"
time="2024-03-16T17:44:02+03:00" level=info msg="register actor repository" func="main.main()" file="main.go:38"
time="2024-03-16T17:44:02+03:00" level=info msg="register actor handler" func="main.main()" file="main.go:42"
time="2024-03-16T17:44:02+03:00" level=info msg="run app" func="main.run()" file="main.go:53"
time="2024-03-16T17:44:02+03:00" level=info msg="server is listening 127.0.0.1:8080" func="main.run()" file="main.go:69"
time="2024-03-16T17:44:09+03:00" level=info msg="{Bichtung  0}" func="github.com/Kirusha-DA/VK-backend-trainee-service/internal/app/filmoteka/movie.(*handler).CreateMovie()" file="handler.go:80"
time="2024-03-16T17:45:11+03:00" level=info msg="{Bichtung  2}" func="github.com/Kirusha-DA/VK-backend-trainee-service/internal/app/filmoteka/movie.(*handler).CreateMovie()" file="handler.go:80"
time="2024-03-16T17:46:09+03:00" level=info msg="create router" func="main.main()" file="main.go:21"
time="2024-03-16T17:46:09+03:00" level=info msg="read app config" func="github.com/Kirusha-DA/VK-backend-trainee-service/internal/app/filmoteka/config.GetConfig.func1()" file="config.go:36"
time="2024-03-16T17:46:10+03:00" level=info msg="register actor repository" func="main.main()" file="main.go:38"
time="2024-03-16T17:46:10+03:00" level=info msg="register actor handler" func="main.main()" file="main.go:42"
time="2024-03-16T17:46:10+03:00" level=info msg="run app" func="main.run()" file="main.go:53"
time="2024-03-16T17:46:10+03:00" level=info msg="server is listening 127.0.0.1:8080" func="main.run()" file="main.go:69"
time="2024-03-16T17:46:13+03:00" level=info msg="{Bichtung  2}" func="github.com/Kirusha-DA/VK-backend-trainee-service/internal/app/filmoteka/movie.(*handler).CreateMovie()" file="handler.go:80"
time="2024-03-16T17:46:31+03:00" level=info msg="{Achtung  1}" func="github.com/Kirusha-DA/VK-backend-trainee-service/internal/app/filmoteka/movie.(*handler).CreateMovie()" file="handler.go:80"
time="2024-03-16T17:56:16+03:00" level=info msg="create router" func="main.main()" file="main.go:21"
time="2024-03-16T17:56:16+03:00" level=info msg="read app config" func="github.com/Kirusha-DA/VK-backend-trainee-service/internal/app/filmoteka/config.GetConfig.func1()" file="config.go:36"
time="2024-03-16T17:56:17+03:00" level=info msg="register actor repository" func="main.main()" file="main.go:38"
time="2024-03-16T17:56:17+03:00" level=info msg="register actor handler" func="main.main()" file="main.go:42"
time="2024-03-16T17:56:17+03:00" level=info msg="run app" func="main.run()" file="main.go:53"
time="2024-03-16T17:56:17+03:00" level=info msg="server is listening 127.0.0.1:8080" func="main.run()" file="main.go:69"
time="2024-03-16T17:59:52+03:00" level=info msg="create router" func="main.main()" file="main.go:21"
time="2024-03-16T17:59:52+03:00" level=info msg="read app config" func="github.com/Kirusha-DA/VK-backend-trainee-service/internal/app/filmoteka/config.GetConfig.func1()" file="config.go:36"
time="2024-03-16T17:59:52+03:00" level=info msg="register actor repository" func="main.main()" file="main.go:38"
time="2024-03-16T17:59:52+03:00" level=info msg="register actor handler" func="main.main()" file="main.go:42"
time="2024-03-16T17:59:52+03:00" level=info msg="run app" func="main.run()" file="main.go:53"
time="2024-03-16T17:59:52+03:00" level=info msg="server is listening 127.0.0.1:8080" func="main.run()" file="main.go:69"
time="2024-03-16T17:59:54+03:00" level=info msg=Kirill func="github.com/Kirusha-DA/VK-backend-trainee-service/internal/app/filmoteka/movie.(*handler).GetMoviesByActorName()" file="handler.go:132"
time="2024-03-16T18:23:33+03:00" level=info msg="create router" func="main.main()" file="main.go:21"
time="2024-03-16T18:23:33+03:00" level=info msg="read app config" func="github.com/Kirusha-DA/VK-backend-trainee-service/internal/app/filmoteka/config.GetConfig.func1()" file="config.go:36"
time="2024-03-16T18:23:33+03:00" level=info msg="register actor repository" func="main.main()" file="main.go:38"
time="2024-03-16T18:23:33+03:00" level=info msg="register actor handler" func="main.main()" file="main.go:42"
time="2024-03-16T18:23:33+03:00" level=info msg="run app" func="main.run()" file="main.go:53"
time="2024-03-16T18:23:33+03:00" level=info msg="server is listening 127.0.0.1:8080" func="main.run()" file="main.go:69"
time="2024-03-16T18:23:43+03:00" level=info msg=Kirill func="github.com/Kirusha-DA/VK-backend-trainee-service/internal/app/filmoteka/movie.(*handler).GetMoviesByActorName()" file="handler.go:132"
time="2024-03-16T18:47:52+03:00" level=info msg="create router" func="main.main()" file="main.go:22"
time="2024-03-16T18:47:52+03:00" level=info msg="read app config" func="github.com/Kirusha-DA/VK-backend-trainee-service/internal/app/filmoteka/config.GetConfig.func1()" file="config.go:36"
time="2024-03-16T18:47:52+03:00" level=info msg="register actor repository" func="main.main()" file="main.go:39"
time="2024-03-16T18:47:52+03:00" level=info msg="register actor handler" func="main.main()" file="main.go:43"
time="2024-03-16T18:47:52+03:00" level=info msg="run app" func="main.run()" file="main.go:54"
time="2024-03-16T18:47:52+03:00" level=info msg="server is listening 127.0.0.1:8080" func="main.run()" file="main.go:70"
time="2024-03-16T18:49:18+03:00" level=info msg=Kirill func="github.com/Kirusha-DA/VK-backend-trainee-service/internal/app/filmoteka/movie.(*handler).GetMoviesByActorName()" file="handler.go:133"
time="2024-03-16T18:52:48+03:00" level=info msg="create router" func="main.main()" file="main.go:22"
time="2024-03-16T18:52:48+03:00" level=info msg="read app config" func="github.com/Kirusha-DA/VK-backend-trainee-service/internal/app/filmoteka/config.GetConfig.func1()" file="config.go:36"
time="2024-03-16T18:52:48+03:00" level=info msg="register actor repository" func="main.main()" file="main.go:39"
time="2024-03-16T18:52:48+03:00" level=info msg="register actor handler" func="main.main()" file="main.go:43"
time="2024-03-16T18:52:48+03:00" level=info msg="run app" func="main.run()" file="main.go:54"
time="2024-03-16T18:52:48+03:00" level=info msg="server is listening 127.0.0.1:8080" func="main.run()" file="main.go:70"
time="2024-03-16T18:52:53+03:00" level=info msg=Kirill func="github.com/Kirusha-DA/VK-backend-trainee-service/internal/app/filmoteka/movie.(*handler).GetMoviesByActorName()" file="handler.go:133"
time="2024-03-16T18:55:22+03:00" level=info msg="create router" func="main.main()" file="main.go:22"
time="2024-03-16T18:55:22+03:00" level=info msg="read app config" func="github.com/Kirusha-DA/VK-backend-trainee-service/internal/app/filmoteka/config.GetConfig.func1()" file="config.go:36"
time="2024-03-16T18:55:22+03:00" level=info msg="register actor repository" func="main.main()" file="main.go:39"
time="2024-03-16T18:55:22+03:00" level=info msg="register actor handler" func="main.main()" file="main.go:43"
time="2024-03-16T18:55:22+03:00" level=info msg="run app" func="main.run()" file="main.go:54"
time="2024-03-16T18:55:22+03:00" level=info msg="server is listening 127.0.0.1:8080" func="main.run()" file="main.go:70"
time="2024-03-16T18:55:27+03:00" level=info msg=Kirill func="github.com/Kirusha-DA/VK-backend-trainee-service/internal/app/filmoteka/movie.(*handler).GetMoviesByActorName()" file="handler.go:133"
time="2024-03-16T18:57:07+03:00" level=info msg="create router" func="main.main()" file="main.go:22"
time="2024-03-16T18:57:07+03:00" level=info msg="read app config" func="github.com/Kirusha-DA/VK-backend-trainee-service/internal/app/filmoteka/config.GetConfig.func1()" file="config.go:36"
time="2024-03-16T18:57:07+03:00" level=info msg="register actor repository" func="main.main()" file="main.go:39"
time="2024-03-16T18:57:07+03:00" level=info msg="register actor handler" func="main.main()" file="main.go:43"
time="2024-03-16T18:57:07+03:00" level=info msg="run app" func="main.run()" file="main.go:54"
time="2024-03-16T18:57:07+03:00" level=info msg="server is listening 127.0.0.1:8080" func="main.run()" file="main.go:70"
time="2024-03-16T18:57:15+03:00" level=info msg=Kirill func="github.com/Kirusha-DA/VK-backend-trainee-service/internal/app/filmoteka/movie.(*handler).GetMoviesByActorName()" file="handler.go:133"
time="2024-03-16T19:06:40+03:00" level=info msg="create router" func="main.main()" file="main.go:22"
time="2024-03-16T19:06:40+03:00" level=info msg="read app config" func="github.com/Kirusha-DA/VK-backend-trainee-service/internal/app/filmoteka/config.GetConfig.func1()" file="config.go:36"
time="2024-03-16T19:06:40+03:00" level=info msg="register actor repository" func="main.main()" file="main.go:39"
time="2024-03-16T19:06:40+03:00" level=info msg="register actor handler" func="main.main()" file="main.go:43"
time="2024-03-16T19:06:40+03:00" level=info msg="run app" func="main.run()" file="main.go:54"
time="2024-03-16T19:06:40+03:00" level=info msg="server is listening 127.0.0.1:8080" func="main.run()" file="main.go:70"
time="2024-03-16T19:06:56+03:00" level=info msg=Kirill func="github.com/Kirusha-DA/VK-backend-trainee-service/internal/app/filmoteka/movie.(*handler).GetMoviesByActorName()" file="handler.go:133"
time="2024-03-16T19:38:43+03:00" level=info msg="create router" func="main.main()" file="main.go:22"
time="2024-03-16T19:38:43+03:00" level=info msg="read app config" func="github.com/Kirusha-DA/VK-backend-trainee-service/internal/app/filmoteka/config.GetConfig.func1()" file="config.go:36"
time="2024-03-16T19:38:43+03:00" level=info msg="register actor repository" func="main.main()" file="main.go:39"
time="2024-03-16T19:38:43+03:00" level=info msg="register actor handler" func="main.main()" file="main.go:43"
time="2024-03-16T19:38:43+03:00" level=info msg="run app" func="main.run()" file="main.go:54"
time="2024-03-16T19:38:43+03:00" level=info msg="server is listening 127.0.0.1:8080" func="main.run()" file="main.go:70"
time="2024-03-16T19:39:00+03:00" level=info msg=Kirill func="github.com/Kirusha-DA/VK-backend-trainee-service/internal/app/filmoteka/movie.(*handler).GetMoviesByActorName()" file="handler.go:133"
time="2024-03-16T20:24:14+03:00" level=info msg="create router" func="main.main()" file="main.go:22"
time="2024-03-16T20:24:14+03:00" level=info msg="read app config" func="github.com/Kirusha-DA/VK-backend-trainee-service/internal/app/filmoteka/config.GetConfig.func1()" file="config.go:36"
time="2024-03-16T20:24:14+03:00" level=info msg="register actor repository" func="main.main()" file="main.go:39"
time="2024-03-16T20:24:14+03:00" level=info msg="register actor handler" func="main.main()" file="main.go:43"
time="2024-03-16T20:24:14+03:00" level=info msg="run app" func="main.run()" file="main.go:54"
time="2024-03-16T20:24:14+03:00" level=info msg="server is listening 127.0.0.1:8080" func="main.run()" file="main.go:70"
time="2024-03-16T20:24:17+03:00" level=info msg=Kirill func="github.com/Kirusha-DA/VK-backend-trainee-service/internal/app/filmoteka/movie.(*handler).GetMoviesByActorName()" file="handler.go:133"
time="2024-03-16T20:24:37+03:00" level=info msg=Kirill func="github.com/Kirusha-DA/VK-backend-trainee-service/internal/app/filmoteka/movie.(*handler).GetMoviesByActorName()" file="handler.go:133"
time="2024-03-16T20:27:18+03:00" level=info msg="create router" func="main.main()" file="main.go:22"
time="2024-03-16T20:27:18+03:00" level=info msg="read app config" func="github.com/Kirusha-DA/VK-backend-trainee-service/internal/app/filmoteka/config.GetConfig.func1()" file="config.go:36"
time="2024-03-16T20:27:19+03:00" level=info msg="register actor repository" func="main.main()" file="main.go:39"
time="2024-03-16T20:27:19+03:00" level=info msg="register actor handler" func="main.main()" file="main.go:43"
time="2024-03-16T20:27:19+03:00" level=info msg="run app" func="main.run()" file="main.go:54"
time="2024-03-16T20:27:19+03:00" level=info msg="server is listening 127.0.0.1:8080" func="main.run()" file="main.go:70"
time="2024-03-16T20:27:21+03:00" level=info msg=Kirill func="github.com/Kirusha-DA/VK-backend-trainee-service/internal/app/filmoteka/movie.(*handler).GetMoviesByActorName()" file="handler.go:133"
time="2024-03-16T20:28:46+03:00" level=info msg="create router" func="main.main()" file="main.go:22"
time="2024-03-16T20:28:46+03:00" level=info msg="read app config" func="github.com/Kirusha-DA/VK-backend-trainee-service/internal/app/filmoteka/config.GetConfig.func1()" file="config.go:36"
time="2024-03-16T20:28:47+03:00" level=info msg="register actor repository" func="main.main()" file="main.go:39"
time="2024-03-16T20:28:47+03:00" level=info msg="register actor handler" func="main.main()" file="main.go:43"
time="2024-03-16T20:28:47+03:00" level=info msg="run app" func="main.run()" file="main.go:54"
time="2024-03-16T20:28:47+03:00" level=info msg="server is listening 127.0.0.1:8080" func="main.run()" file="main.go:70"
time="2024-03-16T20:28:56+03:00" level=info msg="Actors: unsupported relations for schema Movie" func="github.com/Kirusha-DA/VK-backend-trainee-service/internal/app/filmoteka/movie/repository.(*repository).GetMoviesByActorName()" file="postgres.go:38"
time="2024-03-16T20:28:56+03:00" level=info msg=Kirill func="github.com/Kirusha-DA/VK-backend-trainee-service/internal/app/filmoteka/movie.(*handler).GetMoviesByActorName()" file="handler.go:133"
time="2024-03-16T20:32:39+03:00" level=info msg="Actors: unsupported relations for schema Movie" func="github.com/Kirusha-DA/VK-backend-trainee-service/internal/app/filmoteka/movie/repository.(*repository).GetMoviesByActorName()" file="postgres.go:38"
time="2024-03-16T20:32:39+03:00" level=info msg=Kirill func="github.com/Kirusha-DA/VK-backend-trainee-service/internal/app/filmoteka/movie.(*handler).GetMoviesByActorName()" file="handler.go:133"
time="2024-03-16T20:34:23+03:00" level=info msg="Actors: unsupported relations for schema Movie" func="github.com/Kirusha-DA/VK-backend-trainee-service/internal/app/filmoteka/movie/repository.(*repository).GetMoviesByActorName()" file="postgres.go:38"
time="2024-03-16T20:34:23+03:00" level=info msg=Kirill func="github.com/Kirusha-DA/VK-backend-trainee-service/internal/app/filmoteka/movie.(*handler).GetMoviesByActorName()" file="handler.go:133"
time="2024-03-16T20:34:31+03:00" level=info msg="create router" func="main.main()" file="main.go:22"
time="2024-03-16T20:34:31+03:00" level=info msg="read app config" func="github.com/Kirusha-DA/VK-backend-trainee-service/internal/app/filmoteka/config.GetConfig.func1()" file="config.go:36"
time="2024-03-16T20:34:32+03:00" level=info msg="register actor repository" func="main.main()" file="main.go:39"
time="2024-03-16T20:34:32+03:00" level=info msg="register actor handler" func="main.main()" file="main.go:43"
time="2024-03-16T20:34:32+03:00" level=info msg="run app" func="main.run()" file="main.go:54"
time="2024-03-16T20:34:32+03:00" level=info msg="server is listening 127.0.0.1:8080" func="main.run()" file="main.go:70"
time="2024-03-16T20:34:33+03:00" level=info msg="Actors: unsupported relations for schema Movie" func="github.com/Kirusha-DA/VK-backend-trainee-service/internal/app/filmoteka/movie/repository.(*repository).GetMoviesByActorName()" file="postgres.go:38"
time="2024-03-16T20:34:33+03:00" level=info msg=Kirill func="github.com/Kirusha-DA/VK-backend-trainee-service/internal/app/filmoteka/movie.(*handler).GetMoviesByActorName()" file="handler.go:133"
time="2024-03-16T20:38:31+03:00" level=info msg="create router" func="main.main()" file="main.go:22"
time="2024-03-16T20:38:31+03:00" level=info msg="read app config" func="github.com/Kirusha-DA/VK-backend-trainee-service/internal/app/filmoteka/config.GetConfig.func1()" file="config.go:36"
time="2024-03-16T20:38:31+03:00" level=info msg="register actor repository" func="main.main()" file="main.go:39"
time="2024-03-16T20:38:31+03:00" level=info msg="register actor handler" func="main.main()" file="main.go:43"
time="2024-03-16T20:38:31+03:00" level=info msg="run app" func="main.run()" file="main.go:54"
time="2024-03-16T20:38:31+03:00" level=info msg="server is listening 127.0.0.1:8080" func="main.run()" file="main.go:70"
time="2024-03-16T20:39:09+03:00" level=info msg="Actors: unsupported relations for schema Movie" func="github.com/Kirusha-DA/VK-backend-trainee-service/internal/app/filmoteka/movie/repository.(*repository).GetMoviesByActorName()" file="postgres.go:38"
time="2024-03-16T20:39:09+03:00" level=info msg=Kirill func="github.com/Kirusha-DA/VK-backend-trainee-service/internal/app/filmoteka/movie.(*handler).GetMoviesByActorName()" file="handler.go:133"
time="2024-03-16T20:39:50+03:00" level=info msg="Actors: unsupported relations for schema Movie" func="github.com/Kirusha-DA/VK-backend-trainee-service/internal/app/filmoteka/movie/repository.(*repository).GetMoviesByActorName()" file="postgres.go:38"
time="2024-03-16T20:39:50+03:00" level=info msg=hoho func="github.com/Kirusha-DA/VK-backend-trainee-service/internal/app/filmoteka/movie.(*handler).GetMoviesByActorName()" file="handler.go:133"
time="2024-03-16T20:39:55+03:00" level=info msg="Actors: unsupported relations for schema Movie" func="github.com/Kirusha-DA/VK-backend-trainee-service/internal/app/filmoteka/movie/repository.(*repository).GetMoviesByActorName()" file="postgres.go:38"
time="2024-03-16T20:39:55+03:00" level=info msg=hoho func="github.com/Kirusha-DA/VK-backend-trainee-service/internal/app/filmoteka/movie.(*handler).GetMoviesByActorName()" file="handler.go:133"
time="2024-03-16T20:40:00+03:00" level=info msg="Actors: unsupported relations for schema Movie" func="github.com/Kirusha-DA/VK-backend-trainee-service/internal/app/filmoteka/movie/repository.(*repository).GetMoviesByActorName()" file="postgres.go:38"
time="2024-03-16T20:40:00+03:00" level=info msg=hoho func="github.com/Kirusha-DA/VK-backend-trainee-service/internal/app/filmoteka/movie.(*handler).GetMoviesByActorName()" file="handler.go:133"
time="2024-03-16T20:40:34+03:00" level=info msg="Actors: unsupported relations for schema Movie" func="github.com/Kirusha-DA/VK-backend-trainee-service/internal/app/filmoteka/movie/repository.(*repository).GetMoviesByActorName()" file="postgres.go:38"
time="2024-03-16T20:40:34+03:00" level=info msg=hoho func="github.com/Kirusha-DA/VK-backend-trainee-service/internal/app/filmoteka/movie.(*handler).GetMoviesByActorName()" file="handler.go:133"
time="2024-03-16T20:42:51+03:00" level=info msg="Actors: unsupported relations for schema Movie" func="github.com/Kirusha-DA/VK-backend-trainee-service/internal/app/filmoteka/movie/repository.(*repository).GetMoviesByActorName()" file="postgres.go:38"
time="2024-03-16T20:42:51+03:00" level=info msg=Kirill func="github.com/Kirusha-DA/VK-backend-trainee-service/internal/app/filmoteka/movie.(*handler).GetMoviesByActorName()" file="handler.go:133"
time="2024-03-16T20:43:00+03:00" level=info msg="Actors: unsupported relations for schema Movie" func="github.com/Kirusha-DA/VK-backend-trainee-service/internal/app/filmoteka/movie/repository.(*repository).GetMoviesByActorName()" file="postgres.go:38"
time="2024-03-16T20:43:00+03:00" level=info msg=Kirill func="github.com/Kirusha-DA/VK-backend-trainee-service/internal/app/filmoteka/movie.(*handler).GetMoviesByActorName()" file="handler.go:133"
time="2024-03-16T20:45:13+03:00" level=info msg="create router" func="main.main()" file="main.go:22"
time="2024-03-16T20:45:13+03:00" level=info msg="read app config" func="github.com/Kirusha-DA/VK-backend-trainee-service/internal/app/filmoteka/config.GetConfig.func1()" file="config.go:36"
time="2024-03-16T20:45:13+03:00" level=info msg="register actor repository" func="main.main()" file="main.go:39"
time="2024-03-16T20:45:13+03:00" level=info msg="register actor handler" func="main.main()" file="main.go:43"
time="2024-03-16T20:45:13+03:00" level=info msg="run app" func="main.run()" file="main.go:54"
time="2024-03-16T20:45:13+03:00" level=info msg="server is listening 127.0.0.1:8080" func="main.run()" file="main.go:70"
time="2024-03-16T20:45:16+03:00" level=info msg=Kirill func="github.com/Kirusha-DA/VK-backend-trainee-service/internal/app/filmoteka/movie.(*handler).GetMoviesByActorName()" file="handler.go:133"
time="2024-03-16T20:48:09+03:00" level=info msg="create router" func="main.main()" file="main.go:22"
time="2024-03-16T20:48:09+03:00" level=info msg="read app config" func="github.com/Kirusha-DA/VK-backend-trainee-service/internal/app/filmoteka/config.GetConfig.func1()" file="config.go:36"
time="2024-03-16T20:48:09+03:00" level=info msg="register actor repository" func="main.main()" file="main.go:39"
time="2024-03-16T20:48:09+03:00" level=info msg="register actor handler" func="main.main()" file="main.go:43"
time="2024-03-16T20:48:09+03:00" level=info msg="run app" func="main.run()" file="main.go:54"
time="2024-03-16T20:48:09+03:00" level=info msg="server is listening 127.0.0.1:8080" func="main.run()" file="main.go:70"
time="2024-03-16T20:48:11+03:00" level=info msg=Kirill func="github.com/Kirusha-DA/VK-backend-trainee-service/internal/app/filmoteka/movie.(*handler).GetMoviesByActorName()" file="handler.go:133"
time="2024-03-16T20:48:22+03:00" level=info msg=hoho func="github.com/Kirusha-DA/VK-backend-trainee-service/internal/app/filmoteka/movie.(*handler).GetMoviesByActorName()" file="handler.go:133"
time="2024-03-16T20:48:26+03:00" level=info msg=ho func="github.com/Kirusha-DA/VK-backend-trainee-service/internal/app/filmoteka/movie.(*handler).GetMoviesByActorName()" file="handler.go:133"
time="2024-03-16T20:48:27+03:00" level=info msg=ho func="github.com/Kirusha-DA/VK-backend-trainee-service/internal/app/filmoteka/movie.(*handler).GetMoviesByActorName()" file="handler.go:133"
time="2024-03-16T20:48:31+03:00" level=info msg=j func="github.com/Kirusha-DA/VK-backend-trainee-service/internal/app/filmoteka/movie.(*handler).GetMoviesByActorName()" file="handler.go:133"
time="2024-03-16T20:49:47+03:00" level=info msg="create router" func="main.main()" file="main.go:22"
time="2024-03-16T20:49:47+03:00" level=info msg="read app config" func="github.com/Kirusha-DA/VK-backend-trainee-service/internal/app/filmoteka/config.GetConfig.func1()" file="config.go:36"
time="2024-03-16T20:49:47+03:00" level=info msg="register actor repository" func="main.main()" file="main.go:39"
time="2024-03-16T20:49:47+03:00" level=info msg="register actor handler" func="main.main()" file="main.go:43"
time="2024-03-16T20:49:47+03:00" level=info msg="run app" func="main.run()" file="main.go:54"
time="2024-03-16T20:49:47+03:00" level=info msg="server is listening 127.0.0.1:8080" func="main.run()" file="main.go:70"
time="2024-03-16T20:49:51+03:00" level=info msg=j func="github.com/Kirusha-DA/VK-backend-trainee-service/internal/app/filmoteka/movie.(*handler).GetMoviesByActorName()" file="handler.go:133"
time="2024-03-16T20:51:11+03:00" level=info msg="create router" func="main.main()" file="main.go:22"
time="2024-03-16T20:51:11+03:00" level=info msg="read app config" func="github.com/Kirusha-DA/VK-backend-trainee-service/internal/app/filmoteka/config.GetConfig.func1()" file="config.go:36"
time="2024-03-16T20:51:11+03:00" level=info msg="register actor repository" func="main.main()" file="main.go:39"
time="2024-03-16T20:51:11+03:00" level=info msg="register actor handler" func="main.main()" file="main.go:43"
time="2024-03-16T20:51:11+03:00" level=info msg="run app" func="main.run()" file="main.go:54"
time="2024-03-16T20:51:11+03:00" level=info msg="server is listening 127.0.0.1:8080" func="main.run()" file="main.go:70"
time="2024-03-16T20:51:16+03:00" level=info msg=j func="github.com/Kirusha-DA/VK-backend-trainee-service/internal/app/filmoteka/movie.(*handler).GetMoviesByActorName()" file="handler.go:133"
time="2024-03-16T20:52:01+03:00" level=info msg="create router" func="main.main()" file="main.go:22"
time="2024-03-16T20:52:01+03:00" level=info msg="read app config" func="github.com/Kirusha-DA/VK-backend-trainee-service/internal/app/filmoteka/config.GetConfig.func1()" file="config.go:36"
time="2024-03-16T20:52:01+03:00" level=info msg="register actor repository" func="main.main()" file="main.go:39"
time="2024-03-16T20:52:01+03:00" level=info msg="register actor handler" func="main.main()" file="main.go:43"
time="2024-03-16T20:52:01+03:00" level=info msg="run app" func="main.run()" file="main.go:54"
time="2024-03-16T20:52:01+03:00" level=info msg="server is listening 127.0.0.1:8080" func="main.run()" file="main.go:70"
time="2024-03-16T20:52:03+03:00" level=info msg=j func="github.com/Kirusha-DA/VK-backend-trainee-service/internal/app/filmoteka/movie.(*handler).GetMoviesByActorName()" file="handler.go:133"
time="2024-03-16T20:52:59+03:00" level=info msg=j func="github.com/Kirusha-DA/VK-backend-trainee-service/internal/app/filmoteka/movie.(*handler).GetMoviesByActorName()" file="handler.go:133"
time="2024-03-16T20:54:07+03:00" level=info msg="create router" func="main.main()" file="main.go:22"
time="2024-03-16T20:54:07+03:00" level=info msg="read app config" func="github.com/Kirusha-DA/VK-backend-trainee-service/internal/app/filmoteka/config.GetConfig.func1()" file="config.go:36"
time="2024-03-16T20:54:07+03:00" level=info msg="register actor repository" func="main.main()" file="main.go:39"
time="2024-03-16T20:54:07+03:00" level=info msg="register actor handler" func="main.main()" file="main.go:43"
time="2024-03-16T20:54:07+03:00" level=info msg="run app" func="main.run()" file="main.go:54"
time="2024-03-16T20:54:07+03:00" level=info msg="server is listening 127.0.0.1:8080" func="main.run()" file="main.go:70"
time="2024-03-16T22:30:36+03:00" level=info msg=j func="github.com/Kirusha-DA/VK-backend-trainee-service/internal/app/filmoteka/movie.(*handler).GetMoviesByActorName()" file="handler.go:133"
time="2024-03-16T22:32:49+03:00" level=info msg="create router" func="main.main()" file="main.go:22"
time="2024-03-16T22:32:49+03:00" level=info msg="read app config" func="github.com/Kirusha-DA/VK-backend-trainee-service/internal/app/filmoteka/config.GetConfig.func1()" file="config.go:36"
time="2024-03-16T22:32:49+03:00" level=info msg="register actor repository" func="main.main()" file="main.go:39"
time="2024-03-16T22:32:49+03:00" level=info msg="register actor handler" func="main.main()" file="main.go:43"
time="2024-03-16T22:32:49+03:00" level=info msg="run app" func="main.run()" file="main.go:54"
time="2024-03-16T22:32:49+03:00" level=info msg="server is listening 127.0.0.1:8080" func="main.run()" file="main.go:70"
time="2024-03-16T22:32:52+03:00" level=info msg=j func="github.com/Kirusha-DA/VK-backend-trainee-service/internal/app/filmoteka/movie.(*handler).GetMoviesByActorName()" file="handler.go:133"
time="2024-03-16T22:33:46+03:00" level=info msg="create router" func="main.main()" file="main.go:22"
time="2024-03-16T22:33:46+03:00" level=info msg="read app config" func="github.com/Kirusha-DA/VK-backend-trainee-service/internal/app/filmoteka/config.GetConfig.func1()" file="config.go:36"
time="2024-03-16T22:33:46+03:00" level=info msg="register actor repository" func="main.main()" file="main.go:39"
time="2024-03-16T22:33:46+03:00" level=info msg="register actor handler" func="main.main()" file="main.go:43"
time="2024-03-16T22:33:46+03:00" level=info msg="run app" func="main.run()" file="main.go:54"
time="2024-03-16T22:33:46+03:00" level=info msg="server is listening 127.0.0.1:8080" func="main.run()" file="main.go:70"
time="2024-03-16T22:33:48+03:00" level=info msg=j func="github.com/Kirusha-DA/VK-backend-trainee-service/internal/app/filmoteka/movie.(*handler).GetMoviesByActorName()" file="handler.go:133"
time="2024-03-16T22:35:46+03:00" level=info msg="create router" func="main.main()" file="main.go:22"
time="2024-03-16T22:35:46+03:00" level=info msg="read app config" func="github.com/Kirusha-DA/VK-backend-trainee-service/internal/app/filmoteka/config.GetConfig.func1()" file="config.go:36"
time="2024-03-16T22:35:47+03:00" level=info msg="register actor repository" func="main.main()" file="main.go:39"
time="2024-03-16T22:35:47+03:00" level=info msg="register actor handler" func="main.main()" file="main.go:43"
time="2024-03-16T22:35:47+03:00" level=info msg="run app" func="main.run()" file="main.go:54"
time="2024-03-16T22:35:47+03:00" level=info msg="server is listening 127.0.0.1:8080" func="main.run()" file="main.go:70"
time="2024-03-16T22:35:50+03:00" level=info msg=j func="github.com/Kirusha-DA/VK-backend-trainee-service/internal/app/filmoteka/movie.(*handler).GetMoviesByActorName()" file="handler.go:133"
time="2024-03-16T22:36:46+03:00" level=info msg="create router" func="main.main()" file="main.go:22"
time="2024-03-16T22:36:46+03:00" level=info msg="read app config" func="github.com/Kirusha-DA/VK-backend-trainee-service/internal/app/filmoteka/config.GetConfig.func1()" file="config.go:36"
time="2024-03-16T22:36:46+03:00" level=info msg="register actor repository" func="main.main()" file="main.go:39"
time="2024-03-16T22:36:46+03:00" level=info msg="register actor handler" func="main.main()" file="main.go:43"
time="2024-03-16T22:36:46+03:00" level=info msg="run app" func="main.run()" file="main.go:54"
time="2024-03-16T22:36:46+03:00" level=info msg="server is listening 127.0.0.1:8080" func="main.run()" file="main.go:70"
time="2024-03-16T22:36:51+03:00" level=info msg=j func="github.com/Kirusha-DA/VK-backend-trainee-service/internal/app/filmoteka/movie.(*handler).GetMoviesByActorName()" file="handler.go:133"
time="2024-03-16T23:07:39+03:00" level=info msg="create router" func="main.main()" file="main.go:22"
time="2024-03-16T23:07:39+03:00" level=info msg="read app config" func="github.com/Kirusha-DA/VK-backend-trainee-service/internal/app/filmoteka/config.GetConfig.func1()" file="config.go:36"
time="2024-03-16T23:07:39+03:00" level=info msg="register actor repository" func="main.main()" file="main.go:39"
time="2024-03-16T23:07:39+03:00" level=info msg="register actor handler" func="main.main()" file="main.go:43"
time="2024-03-16T23:07:39+03:00" level=info msg="run app" func="main.run()" file="main.go:54"
time="2024-03-16T23:07:39+03:00" level=info msg="server is listening 127.0.0.1:8080" func="main.run()" file="main.go:70"
time="2024-03-16T23:09:17+03:00" level=info msg="create router" func="main.main()" file="main.go:22"
time="2024-03-16T23:09:17+03:00" level=info msg="read app config" func="github.com/Kirusha-DA/VK-backend-trainee-service/internal/app/filmoteka/config.GetConfig.func1()" file="config.go:36"
time="2024-03-16T23:09:18+03:00" level=info msg="register actor repository" func="main.main()" file="main.go:39"
time="2024-03-16T23:09:18+03:00" level=info msg="register actor handler" func="main.main()" file="main.go:43"
time="2024-03-16T23:09:18+03:00" level=info msg="run app" func="main.run()" file="main.go:54"
time="2024-03-16T23:09:18+03:00" level=info msg="server is listening 127.0.0.1:8080" func="main.run()" file="main.go:70"
time="2024-03-16T23:09:21+03:00" level=info msg=j func="github.com/Kirusha-DA/VK-backend-trainee-service/internal/app/filmoteka/movie.(*handler).GetMoviesByActorName()" file="handler.go:133"
time="2024-03-16T23:12:23+03:00" level=info msg="create router" func="main.main()" file="main.go:22"
time="2024-03-16T23:12:23+03:00" level=info msg="read app config" func="github.com/Kirusha-DA/VK-backend-trainee-service/internal/app/filmoteka/config.GetConfig.func1()" file="config.go:36"
time="2024-03-16T23:12:24+03:00" level=info msg="register actor repository" func="main.main()" file="main.go:39"
time="2024-03-16T23:12:24+03:00" level=info msg="register actor handler" func="main.main()" file="main.go:43"
time="2024-03-16T23:12:24+03:00" level=info msg="run app" func="main.run()" file="main.go:54"
time="2024-03-16T23:12:24+03:00" level=info msg="server is listening 127.0.0.1:8080" func="main.run()" file="main.go:70"
time="2024-03-16T23:12:28+03:00" level=info msg=j func="github.com/Kirusha-DA/VK-backend-trainee-service/internal/app/filmoteka/movie/repository.(*repository).GetMoviesByActorName()" file="postgres.go:36"
time="2024-03-16T23:12:28+03:00" level=info msg=j func="github.com/Kirusha-DA/VK-backend-trainee-service/internal/app/filmoteka/movie.(*handler).GetMoviesByActorName()" file="handler.go:133"
time="2024-03-16T23:12:37+03:00" level=info msg=Kirill func="github.com/Kirusha-DA/VK-backend-trainee-service/internal/app/filmoteka/movie/repository.(*repository).GetMoviesByActorName()" file="postgres.go:36"
time="2024-03-16T23:12:37+03:00" level=info msg=Kirill func="github.com/Kirusha-DA/VK-backend-trainee-service/internal/app/filmoteka/movie.(*handler).GetMoviesByActorName()" file="handler.go:133"
time="2024-03-16T23:14:02+03:00" level=info msg="create router" func="main.main()" file="main.go:22"
time="2024-03-16T23:14:02+03:00" level=info msg="read app config" func="github.com/Kirusha-DA/VK-backend-trainee-service/internal/app/filmoteka/config.GetConfig.func1()" file="config.go:36"
time="2024-03-16T23:14:02+03:00" level=info msg="register actor repository" func="main.main()" file="main.go:39"
time="2024-03-16T23:14:02+03:00" level=info msg="register actor handler" func="main.main()" file="main.go:43"
time="2024-03-16T23:14:02+03:00" level=info msg="run app" func="main.run()" file="main.go:54"
time="2024-03-16T23:14:02+03:00" level=info msg="server is listening 127.0.0.1:8080" func="main.run()" file="main.go:70"
time="2024-03-16T23:14:05+03:00" level=info msg=Kirill func="github.com/Kirusha-DA/VK-backend-trainee-service/internal/app/filmoteka/movie/repository.(*repository).GetMoviesByActorName()" file="postgres.go:36"
time="2024-03-16T23:14:05+03:00" level=info msg="[{2 0xc000389410 0xc000389420 0xc000381850 []} {6 0xc000389440 0xc000389450 0xc000381868 []} {7 0xc000389470 0xc000389480 0xc000381880 []} {8 0xc0003894a0 0xc0003894b0 0xc000381898 []}]" func="github.com/Kirusha-DA/VK-backend-trainee-service/internal/app/filmoteka/movie/repository.(*repository).GetMoviesByActorName()" file="postgres.go:38"
time="2024-03-16T23:14:05+03:00" level=info msg=Kirill func="github.com/Kirusha-DA/VK-backend-trainee-service/internal/app/filmoteka/movie.(*handler).GetMoviesByActorName()" file="handler.go:133"
time="2024-03-16T23:17:32+03:00" level=info msg="create router" func="main.main()" file="main.go:22"
time="2024-03-16T23:17:32+03:00" level=info msg="read app config" func="github.com/Kirusha-DA/VK-backend-trainee-service/internal/app/filmoteka/config.GetConfig.func1()" file="config.go:36"
time="2024-03-16T23:17:32+03:00" level=info msg="register actor repository" func="main.main()" file="main.go:39"
time="2024-03-16T23:17:32+03:00" level=info msg="register actor handler" func="main.main()" file="main.go:43"
time="2024-03-16T23:17:32+03:00" level=info msg="run app" func="main.run()" file="main.go:54"
time="2024-03-16T23:17:32+03:00" level=info msg="server is listening 127.0.0.1:8080" func="main.run()" file="main.go:70"
time="2024-03-16T23:17:37+03:00" level=info msg=Kirill func="github.com/Kirusha-DA/VK-backend-trainee-service/internal/app/filmoteka/movie/repository.(*repository).GetMoviesByActorName()" file="postgres.go:36"
time="2024-03-16T23:17:37+03:00" level=info func="github.com/Kirusha-DA/VK-backend-trainee-service/internal/app/filmoteka/movie/repository.(*repository).GetMoviesByActorName()" file="postgres.go:38"
time="2024-03-16T23:17:37+03:00" level=info msg=Kirill func="github.com/Kirusha-DA/VK-backend-trainee-service/internal/app/filmoteka/movie.(*handler).GetMoviesByActorName()" file="handler.go:133"
time="2024-03-16T23:19:38+03:00" level=info msg="create router" func="main.main()" file="main.go:22"
time="2024-03-16T23:19:38+03:00" level=info msg="read app config" func="github.com/Kirusha-DA/VK-backend-trainee-service/internal/app/filmoteka/config.GetConfig.func1()" file="config.go:36"
time="2024-03-16T23:19:38+03:00" level=info msg="register actor repository" func="main.main()" file="main.go:39"
time="2024-03-16T23:19:38+03:00" level=info msg="register actor handler" func="main.main()" file="main.go:43"
time="2024-03-16T23:19:38+03:00" level=info msg="run app" func="main.run()" file="main.go:54"
time="2024-03-16T23:19:38+03:00" level=info msg="server is listening 127.0.0.1:8080" func="main.run()" file="main.go:70"
time="2024-03-16T23:19:41+03:00" level=info msg=Kirill func="github.com/Kirusha-DA/VK-backend-trainee-service/internal/app/filmoteka/movie/repository.(*repository).GetMoviesByActorName()" file="postgres.go:36"
time="2024-03-16T23:19:41+03:00" level=info func="github.com/Kirusha-DA/VK-backend-trainee-service/internal/app/filmoteka/movie/repository.(*repository).GetMoviesByActorName()" file="postgres.go:38"
time="2024-03-16T23:19:41+03:00" level=info msg=Kirill func="github.com/Kirusha-DA/VK-backend-trainee-service/internal/app/filmoteka/movie.(*handler).GetMoviesByActorName()" file="handler.go:133"
time="2024-03-16T23:20:49+03:00" level=info msg="create router" func="main.main()" file="main.go:22"
time="2024-03-16T23:20:49+03:00" level=info msg="read app config" func="github.com/Kirusha-DA/VK-backend-trainee-service/internal/app/filmoteka/config.GetConfig.func1()" file="config.go:36"
time="2024-03-16T23:20:50+03:00" level=info msg="register actor repository" func="main.main()" file="main.go:39"
time="2024-03-16T23:20:50+03:00" level=info msg="register actor handler" func="main.main()" file="main.go:43"
time="2024-03-16T23:20:50+03:00" level=info msg="run app" func="main.run()" file="main.go:54"
time="2024-03-16T23:20:50+03:00" level=info msg="server is listening 127.0.0.1:8080" func="main.run()" file="main.go:70"
time="2024-03-16T23:21:05+03:00" level=info func="github.com/Kirusha-DA/VK-backend-trainee-service/internal/app/filmoteka/movie/repository.(*repository).GetMoviesByActorName()" file="postgres.go:37"
time="2024-03-16T23:21:05+03:00" level=info msg=Kirill func="github.com/Kirusha-DA/VK-backend-trainee-service/internal/app/filmoteka/movie.(*handler).GetMoviesByActorName()" file="handler.go:133"
time="2024-03-16T23:26:40+03:00" level=info msg="create router" func="main.main()" file="main.go:22"
time="2024-03-16T23:26:40+03:00" level=info msg="read app config" func="github.com/Kirusha-DA/VK-backend-trainee-service/internal/app/filmoteka/config.GetConfig.func1()" file="config.go:36"
time="2024-03-16T23:26:41+03:00" level=info msg="register actor repository" func="main.main()" file="main.go:39"
time="2024-03-16T23:26:41+03:00" level=info msg="register actor handler" func="main.main()" file="main.go:43"
time="2024-03-16T23:26:41+03:00" level=info msg="run app" func="main.run()" file="main.go:54"
time="2024-03-16T23:26:41+03:00" level=info msg="server is listening 127.0.0.1:8080" func="main.run()" file="main.go:70"
time="2024-03-16T23:26:46+03:00" level=info msg=Kirill func="github.com/Kirusha-DA/VK-backend-trainee-service/internal/app/filmoteka/movie.(*handler).GetMoviesByActorName()" file="handler.go:133"
time="2024-03-16T23:30:09+03:00" level=info msg="create router" func="main.main()" file="main.go:22"
time="2024-03-16T23:30:09+03:00" level=info msg="read app config" func="github.com/Kirusha-DA/VK-backend-trainee-service/internal/app/filmoteka/config.GetConfig.func1()" file="config.go:36"
time="2024-03-16T23:30:10+03:00" level=info msg="register actor repository" func="main.main()" file="main.go:39"
time="2024-03-16T23:30:10+03:00" level=info msg="register actor handler" func="main.main()" file="main.go:43"
time="2024-03-16T23:30:10+03:00" level=info msg="run app" func="main.run()" file="main.go:54"
time="2024-03-16T23:30:10+03:00" level=info msg="server is listening 127.0.0.1:8080" func="main.run()" file="main.go:70"
time="2024-03-16T23:30:12+03:00" level=info msg=Kirill func="github.com/Kirusha-DA/VK-backend-trainee-service/internal/app/filmoteka/movie.(*handler).GetMoviesByActorName()" file="handler.go:133"
time="2024-03-16T23:33:33+03:00" level=info msg="create router" func="main.main()" file="main.go:22"
time="2024-03-16T23:33:33+03:00" level=info msg="read app config" func="github.com/Kirusha-DA/VK-backend-trainee-service/internal/app/filmoteka/config.GetConfig.func1()" file="config.go:36"
time="2024-03-16T23:33:33+03:00" level=info msg="register actor repository" func="main.main()" file="main.go:39"
time="2024-03-16T23:33:33+03:00" level=info msg="register actor handler" func="main.main()" file="main.go:43"
time="2024-03-16T23:33:33+03:00" level=info msg="run app" func="main.run()" file="main.go:54"
time="2024-03-16T23:33:33+03:00" level=info msg="server is listening 127.0.0.1:8080" func="main.run()" file="main.go:70"
time="2024-03-16T23:33:58+03:00" level=info msg=Kirill func="github.com/Kirusha-DA/VK-backend-trainee-service/internal/app/filmoteka/movie.(*handler).GetMoviesByActorName()" file="handler.go:133"
time="2024-03-16T23:39:26+03:00" level=info msg="create router" func="main.main()" file="main.go:22"
time="2024-03-16T23:39:26+03:00" level=info msg="read app config" func="github.com/Kirusha-DA/VK-backend-trainee-service/internal/app/filmoteka/config.GetConfig.func1()" file="config.go:36"
time="2024-03-16T23:39:27+03:00" level=info msg="register actor repository" func="main.main()" file="main.go:39"
time="2024-03-16T23:39:27+03:00" level=info msg="register actor handler" func="main.main()" file="main.go:43"
time="2024-03-16T23:39:27+03:00" level=info msg="run app" func="main.run()" file="main.go:54"
time="2024-03-16T23:39:27+03:00" level=info msg="server is listening 127.0.0.1:8080" func="main.run()" file="main.go:70"
time="2024-03-16T23:39:36+03:00" level=info msg=Kirill func="github.com/Kirusha-DA/VK-backend-trainee-service/internal/app/filmoteka/movie.(*handler).GetMoviesByActorName()" file="handler.go:133"
time="2024-03-16T23:44:43+03:00" level=info msg=hoho func="github.com/Kirusha-DA/VK-backend-trainee-service/internal/app/filmoteka/movie.(*handler).GetMoviesByActorName()" file="handler.go:133"
time="2024-03-16T23:47:41+03:00" level=info msg=Kirill func="github.com/Kirusha-DA/VK-backend-trainee-service/internal/app/filmoteka/movie.(*handler).GetMoviesByActorName()" file="handler.go:133"
time="2024-03-16T23:49:10+03:00" level=info msg="create router" func="main.main()" file="main.go:22"
time="2024-03-16T23:49:10+03:00" level=info msg="read app config" func="github.com/Kirusha-DA/VK-backend-trainee-service/internal/app/filmoteka/config.GetConfig.func1()" file="config.go:36"
time="2024-03-16T23:49:10+03:00" level=info msg="register actor repository" func="main.main()" file="main.go:39"
time="2024-03-16T23:49:10+03:00" level=info msg="register actor handler" func="main.main()" file="main.go:43"
time="2024-03-16T23:49:10+03:00" level=info msg="run app" func="main.run()" file="main.go:54"
time="2024-03-16T23:49:10+03:00" level=info msg="server is listening 127.0.0.1:8080" func="main.run()" file="main.go:70"
time="2024-03-16T23:49:13+03:00" level=info msg=Kirill func="github.com/Kirusha-DA/VK-backend-trainee-service/internal/app/filmoteka/movie.(*handler).GetMoviesByActorName()" file="handler.go:133"
time="2024-03-16T23:50:01+03:00" level=info msg="create router" func="main.main()" file="main.go:22"
time="2024-03-16T23:50:01+03:00" level=info msg="read app config" func="github.com/Kirusha-DA/VK-backend-trainee-service/internal/app/filmoteka/config.GetConfig.func1()" file="config.go:36"
time="2024-03-16T23:50:01+03:00" level=info msg="register actor repository" func="main.main()" file="main.go:39"
time="2024-03-16T23:50:01+03:00" level=info msg="register actor handler" func="main.main()" file="main.go:43"
time="2024-03-16T23:50:01+03:00" level=info msg="run app" func="main.run()" file="main.go:54"
time="2024-03-16T23:50:01+03:00" level=info msg="server is listening 127.0.0.1:8080" func="main.run()" file="main.go:70"
time="2024-03-16T23:50:04+03:00" level=info msg=Kirill func="github.com/Kirusha-DA/VK-backend-trainee-service/internal/app/filmoteka/movie.(*handler).GetMoviesByActorName()" file="handler.go:133"
time="2024-03-16T23:57:11+03:00" level=info msg="create router" func="main.main()" file="main.go:22"
time="2024-03-16T23:57:11+03:00" level=info msg="read app config" func="github.com/Kirusha-DA/VK-backend-trainee-service/internal/app/filmoteka/config.GetConfig.func1()" file="config.go:36"
time="2024-03-16T23:57:12+03:00" level=info msg="register actor repository" func="main.main()" file="main.go:39"
time="2024-03-16T23:57:12+03:00" level=info msg="register actor handler" func="main.main()" file="main.go:43"
time="2024-03-16T23:57:12+03:00" level=info msg="run app" func="main.run()" file="main.go:54"
time="2024-03-16T23:57:12+03:00" level=info msg="server is listening 127.0.0.1:8080" func="main.run()" file="main.go:70"
time="2024-03-16T23:57:17+03:00" level=info msg=Kirill func="github.com/Kirusha-DA/VK-backend-trainee-service/internal/app/filmoteka/movie.(*handler).GetMoviesByActorName()" file="handler.go:133"
time="2024-03-17T00:13:54+03:00" level=info msg="create router" func="main.main()" file="main.go:22"
time="2024-03-17T00:13:54+03:00" level=info msg="read app config" func="github.com/Kirusha-DA/VK-backend-trainee-service/internal/app/filmoteka/config.GetConfig.func1()" file="config.go:36"
time="2024-03-17T00:13:55+03:00" level=info msg="register actor repository" func="main.main()" file="main.go:39"
time="2024-03-17T00:13:55+03:00" level=info msg="register actor handler" func="main.main()" file="main.go:43"
time="2024-03-17T00:13:55+03:00" level=info msg="run app" func="main.run()" file="main.go:54"
time="2024-03-17T00:13:55+03:00" level=info msg="server is listening 127.0.0.1:8080" func="main.run()" file="main.go:70"
time="2024-03-17T00:13:59+03:00" level=info msg=Kirill func="github.com/Kirusha-DA/VK-backend-trainee-service/internal/app/filmoteka/movie.(*handler).GetMoviesByActorName()" file="handler.go:133"
time="2024-03-17T00:20:02+03:00" level=info msg="create router" func="main.main()" file="main.go:22"
time="2024-03-17T00:20:02+03:00" level=info msg="read app config" func="github.com/Kirusha-DA/VK-backend-trainee-service/internal/app/filmoteka/config.GetConfig.func1()" file="config.go:36"
time="2024-03-17T00:20:02+03:00" level=info msg="register actor repository" func="main.main()" file="main.go:39"
time="2024-03-17T00:20:02+03:00" level=info msg="register actor handler" func="main.main()" file="main.go:43"
time="2024-03-17T00:20:02+03:00" level=info msg="run app" func="main.run()" file="main.go:54"
time="2024-03-17T00:20:02+03:00" level=info msg="server is listening 127.0.0.1:8080" func="main.run()" file="main.go:70"
time="2024-03-17T00:20:06+03:00" level=info msg=Kirill func="github.com/Kirusha-DA/VK-backend-trainee-service/internal/app/filmoteka/movie.(*handler).GetMoviesByActorName()" file="handler.go:133"
time="2024-03-17T00:20:16+03:00" level=info msg=hoho func="github.com/Kirusha-DA/VK-backend-trainee-service/internal/app/filmoteka/movie.(*handler).GetMoviesByActorName()" file="handler.go:133"
time="2024-03-17T00:20:58+03:00" level=info msg=NULL func="github.com/Kirusha-DA/VK-backend-trainee-service/internal/app/filmoteka/movie.(*handler).GetMoviesByActorName()" file="handler.go:133"
time="2024-03-17T10:44:32+03:00" level=info msg="read app config" func="github.com/Kirusha-DA/VK-backend-trainee-service/internal/app/filmoteka/config.GetConfig.func1()" file="config.go:36"
time="2024-03-17T10:44:32+03:00" level=info msg="server is listening 127.0.0.1:8080" func="main.run()" file="main.go:70"
time="2024-03-17T10:46:36+03:00" level=info msg="&{0xc0001fa5a0 <nil> 1 0xc00039e380 0}" func="github.com/Kirusha-DA/VK-backend-trainee-service/internal/app/filmoteka/actor/repository.(*repository).DeleteActor()" file="postgres.go:42"
time="2024-03-17T10:47:04+03:00" level=info msg="&{0xc0001fa5a0 <nil> 1 0xc00037d500 0}" func="github.com/Kirusha-DA/VK-backend-trainee-service/internal/app/filmoteka/actor/repository.(*repository).DeleteActor()" file="postgres.go:42"
